Using pre-set license
Built from '2022.3/respin/2022.3.62f2-4af31df585-v2' branch; Version is '2022.3.62f2 (7670c08855a9) revision 7762112'; Using compiler version '192829333'; Build Type 'Release'
OS: 'Windows 11  (10.0.26200) 64bit Professional' Language: 'fr' Physical Memory: 15681 MB
BatchMode: 1, IsHumanControllingUs: 0, StartBugReporterOnCrash: 0, Is64bit: 1, IsPro: 1

COMMAND LINE ARGUMENTS:
C:\Program Files\Unity\Hub\Editor\2022.3.62f2\Editor\Unity.exe
-adb2
-batchMode
-noUpm
-name
AssetImportWorker8
-projectPath
C:/master/VR/Tri des echats
-logFile
Logs/AssetImportWorker8.log
-srvPort
63561
Successfully changed project path to: C:/master/VR/Tri des echats
C:/master/VR/Tri des echats
[UnityMemory] Configuration Parameters - Can be set up in boot.config
    "memorysetup-bucket-allocator-granularity=16"
    "memorysetup-bucket-allocator-bucket-count=8"
    "memorysetup-bucket-allocator-block-size=33554432"
    "memorysetup-bucket-allocator-block-count=8"
    "memorysetup-main-allocator-block-size=16777216"
    "memorysetup-thread-allocator-block-size=16777216"
    "memorysetup-gfx-main-allocator-block-size=16777216"
    "memorysetup-gfx-thread-allocator-block-size=16777216"
    "memorysetup-cache-allocator-block-size=4194304"
    "memorysetup-typetree-allocator-block-size=2097152"
    "memorysetup-profiler-bucket-allocator-granularity=16"
    "memorysetup-profiler-bucket-allocator-bucket-count=8"
    "memorysetup-profiler-bucket-allocator-block-size=33554432"
    "memorysetup-profiler-bucket-allocator-block-count=8"
    "memorysetup-profiler-allocator-block-size=16777216"
    "memorysetup-profiler-editor-allocator-block-size=1048576"
    "memorysetup-temp-allocator-size-main=16777216"
    "memorysetup-job-temp-allocator-block-size=2097152"
    "memorysetup-job-temp-allocator-block-size-background=1048576"
    "memorysetup-job-temp-allocator-reduction-small-platforms=262144"
    "memorysetup-allocator-temp-initial-block-size-main=262144"
    "memorysetup-allocator-temp-initial-block-size-worker=262144"
    "memorysetup-temp-allocator-size-background-worker=32768"
    "memorysetup-temp-allocator-size-job-worker=262144"
    "memorysetup-temp-allocator-size-preload-manager=33554432"
    "memorysetup-temp-allocator-size-nav-mesh-worker=65536"
    "memorysetup-temp-allocator-size-audio-worker=65536"
    "memorysetup-temp-allocator-size-cloud-worker=32768"
    "memorysetup-temp-allocator-size-gi-baking-worker=262144"
    "memorysetup-temp-allocator-size-gfx=262144"
Player connection [3292]  Target information:

Player connection [3292]  * "[IP] 172.17.160.1 [Port] 0 [Flags] 2 [Guid] 194216353 [EditorId] 194216353 [Version] 1048832 [Id] WindowsEditor(7,DESKTOP-OLHV5AK) [Debug] 1 [PackageName] WindowsEditor [ProjectName] Editor" 

Player connection [3292]  * "[IP] 192.168.100.9 [Port] 0 [Flags] 2 [Guid] 194216353 [EditorId] 194216353 [Version] 1048832 [Id] WindowsEditor(7,DESKTOP-OLHV5AK) [Debug] 1 [PackageName] WindowsEditor [ProjectName] Editor" 

Player connection [3292] Host joined multi-casting on [225.0.0.222:54997]...
Player connection [3292] Host joined alternative multi-casting on [225.0.0.222:34997]...
Input System module state changed to: Initialized.
[PhysX] Initialized MultithreadedTaskDispatcher with 16 workers.
Refreshing native plugins compatible for Editor in 29.48 ms, found 3 plugins.
Preloading 0 native plugins for Editor in 0.00 ms.
Initialize engine version: 2022.3.62f2 (7670c08855a9)
[Subsystems] Discovering subsystems at path C:/Program Files/Unity/Hub/Editor/2022.3.62f2/Editor/Data/Resources/UnitySubsystems
[Subsystems] Discovering subsystems at path C:/master/VR/Tri des echats/Assets
GfxDevice: creating device client; threaded=0; jobified=0
Direct3D:
    Version:  Direct3D 11.0 [level 11.1]
    Renderer: AMD Radeon(TM) Graphics (ID=0x1638)
    Vendor:   ATI
    VRAM:     7840 MB
    Driver:   31.0.21923.3003
Initialize mono
Mono path[0] = 'C:/Program Files/Unity/Hub/Editor/2022.3.62f2/Editor/Data/Managed'
Mono path[1] = 'C:/Program Files/Unity/Hub/Editor/2022.3.62f2/Editor/Data/MonoBleedingEdge/lib/mono/unityjit-win32'
Mono config path = 'C:/Program Files/Unity/Hub/Editor/2022.3.62f2/Editor/Data/MonoBleedingEdge/etc'
Using monoOptions --debugger-agent=transport=dt_socket,embedding=1,server=y,suspend=n,address=127.0.0.1:56528
Begin MonoManager ReloadAssembly
Registering precompiled unity dll's ...
Register platform support module: C:/Program Files/Unity/Hub/Editor/2022.3.62f2/Editor/Data/PlaybackEngines/WebGLSupport/UnityEditor.WebGL.Extensions.dll
Register platform support module: C:/Program Files/Unity/Hub/Editor/2022.3.62f2/Editor/Data/PlaybackEngines/AndroidPlayer/UnityEditor.Android.Extensions.dll
Register platform support module: C:/Program Files/Unity/Hub/Editor/2022.3.62f2/Editor/Data/PlaybackEngines/WindowsStandaloneSupport/UnityEditor.WindowsStandalone.Extensions.dll
Registered in 0.029590 seconds.
- Loaded All Assemblies, in  0.833 seconds
Native extension for WindowsStandalone target not found
Native extension for Android target not found
Android Extension - Scanning For ADB Devices 679 ms
Native extension for WebGL target not found
Mono: successfully reloaded assembly
- Finished resetting the current domain, in  1.398 seconds
Domain Reload Profiling: 2227ms
	BeginReloadAssembly (268ms)
		ExecutionOrderSort (0ms)
		DisableScriptedObjects (0ms)
		BackupInstance (0ms)
		ReleaseScriptingObjects (0ms)
		CreateAndSetChildDomain (1ms)
	RebuildCommonClasses (72ms)
	RebuildNativeTypeToScriptingClass (20ms)
	initialDomainReloadingComplete (149ms)
	LoadAllAssembliesAndSetupDomain (319ms)
		LoadAssemblies (267ms)
		RebuildTransferFunctionScriptingTraits (0ms)
		AnalyzeDomain (311ms)
			TypeCache.Refresh (307ms)
				TypeCache.ScanAssembly (279ms)
			ScanForSourceGeneratedMonoScriptInfo (1ms)
			ResolveRequiredComponents (1ms)
	FinalizeReload (1399ms)
		ReleaseScriptCaches (0ms)
		RebuildScriptCaches (0ms)
		SetupLoadedEditorAssemblies (1292ms)
			LogAssemblyErrors (0ms)
			InitializePlatformSupportModulesInManaged (895ms)
			SetLoadedEditorAssemblies (8ms)
			RefreshPlugins (0ms)
			BeforeProcessingInitializeOnLoad (5ms)
			ProcessInitializeOnLoadAttributes (281ms)
			ProcessInitializeOnLoadMethodAttributes (102ms)
			AfterProcessingInitializeOnLoad (0ms)
			EditorAssembliesLoaded (0ms)
		ExecutionOrderSort2 (0ms)
		AwakeInstancesAfterBackupRestoration (0ms)
========================================================================
Worker process is ready to serve import requests
Caller must complete domain reload
Begin MonoManager ReloadAssembly
- Loaded All Assemblies, in  1.409 seconds
Native extension for WindowsStandalone target not found
Native extension for Android target not found
Native extension for WebGL target not found
Mono: successfully reloaded assembly
- Finished resetting the current domain, in  1.336 seconds
Domain Reload Profiling: 2737ms
	BeginReloadAssembly (352ms)
		ExecutionOrderSort (0ms)
		DisableScriptedObjects (15ms)
		BackupInstance (0ms)
		ReleaseScriptingObjects (0ms)
		CreateAndSetChildDomain (44ms)
	RebuildCommonClasses (69ms)
	RebuildNativeTypeToScriptingClass (20ms)
	initialDomainReloadingComplete (97ms)
	LoadAllAssembliesAndSetupDomain (863ms)
		LoadAssemblies (707ms)
		RebuildTransferFunctionScriptingTraits (0ms)
		AnalyzeDomain (368ms)
			TypeCache.Refresh (328ms)
				TypeCache.ScanAssembly (301ms)
			ScanForSourceGeneratedMonoScriptInfo (28ms)
			ResolveRequiredComponents (9ms)
	FinalizeReload (1337ms)
		ReleaseScriptCaches (0ms)
		RebuildScriptCaches (0ms)
		SetupLoadedEditorAssemblies (970ms)
			LogAssemblyErrors (0ms)
			InitializePlatformSupportModulesInManaged (45ms)
			SetLoadedEditorAssemblies (5ms)
			RefreshPlugins (0ms)
			BeforeProcessingInitializeOnLoad (128ms)
			ProcessInitializeOnLoadAttributes (734ms)
			ProcessInitializeOnLoadMethodAttributes (39ms)
			AfterProcessingInitializeOnLoad (18ms)
			EditorAssembliesLoaded (0ms)
		ExecutionOrderSort2 (0ms)
		AwakeInstancesAfterBackupRestoration (16ms)
Launched and connected shader compiler UnityShaderCompiler.exe after 0.11 seconds
Refreshing native plugins compatible for Editor in 12.16 ms, found 3 plugins.
Preloading 0 native plugins for Editor in 0.00 ms.
Unloading 3248 Unused Serialized files (Serialized files now loaded: 0)
Unloading 19 unused Assets / (54.6 KB). Loaded Objects now: 3718.
Memory consumption went from 121.9 MB to 121.9 MB.
Total: 5.942400 ms (FindLiveObjects: 0.384600 ms CreateObjectMapping: 0.256000 ms MarkObjects: 5.127200 ms  DeleteObjects: 0.172500 ms)

AssetImportParameters requested are different than current active one (requested -> active):
  custom:container-demuxer-ogg: 62fdf1f143b41e24485cea50d1cbac27 -> 
  custom:scripting/monoscript/fileName/GameManager.cs: 9933fbcc6190e2a9171c2ec8808a053e -> 
  custom:video-decoder-ogg-theora: a1e56fd34408186e4bbccfd4996cb3dc -> 
  custom:framework-win-MediaFoundation: 216162199b28c13a410421893ffa2e32 -> 
  custom:CustomObjectIndexerAttribute: 9a22284fe3817be447336de3de66b15e -> 
  custom:scripting/monoscript/fileName/BinTrigger.cs: 1cf0c1cafc7b8564184bdf896c4b50a3 -> 
  custom:container-demuxer-webm: 4f35f7cbe854078d1ac9338744f61a02 -> 
  custom:scripting/monoscript/fileName/TrashSortingSceneBuilder.cs: 137d01e304a323d9a744efd686c46d3b -> 
  custom:container-muxer-webm: aa71ff27fc2769a1b78a27578f13a17b -> 
  custom:video-decoder-webm-vp8: 9c59270c3fd7afecdb556c50c9e8de78 -> 
  custom:SearchIndexIgnoredProperties: e643bd26f0fe6173181afceb89e7c659 -> 
  custom:AudioImporter_EditorPlatform: d09bf68614088b80899f8185d706f6e7 -> 
  custom:scripting/monoscript/fileName/UIStartPanel.cs: c163dad71132ca2e3bdd787b686d25d2 -> 
  custom:video-encoder-webm-vp8: eb34c28f22e8b96e1ab97ce403110664 -> 
  custom:audio-decoder-ogg-vorbis: bf7c407c2cedff20999df2af8eb42d56 -> 
  custom:audio-encoder-webm-vorbis: bf7c407c2cedff20999df2af8eb42d56 -> 
========================================================================
Received Import Request.
  Time since last request: 128933.378391 seconds.
  path: Assets/Materiel/bin_glass.mat
  artifactKey: Guid(bba2cfc4bd160414f9d4b835f27eaae5) Importer(815301076,1909f56bfc062723c751e8b465ee728b)
Start importing Assets/Materiel/bin_glass.mat using Guid(bba2cfc4bd160414f9d4b835f27eaae5) Importer(815301076,1909f56bfc062723c751e8b465ee728b) [PhysX] Initialized MultithreadedTaskDispatcher with 16 workers.
[PhysX] Initialized MultithreadedTaskDispatcher with 16 workers.
 -> (artifact id: '075b2ba5454a6057eb7a00f5c942eb89') in 0.737059 seconds
Number of updated asset objects reloaded before import = 0
Number of asset objects unloaded after import = 1
========================================================================
Received Import Request.
  Time since last request: 0.000056 seconds.
  path: Assets/Materiel/bin_organic.mat
  artifactKey: Guid(d72682084c248ab41983c7688f8ad8fe) Importer(815301076,1909f56bfc062723c751e8b465ee728b)
Start importing Assets/Materiel/bin_organic.mat using Guid(d72682084c248ab41983c7688f8ad8fe) Importer(815301076,1909f56bfc062723c751e8b465ee728b) [PhysX] Initialized MultithreadedTaskDispatcher with 16 workers.
[PhysX] Initialized MultithreadedTaskDispatcher with 16 workers.
 -> (artifact id: '73322951c9d11d4bf5ad2d7a67518d1e') in 0.047140 seconds
Number of updated asset objects reloaded before import = 0
Number of asset objects unloaded after import = 1
========================================================================
Received Prepare
Caller must complete domain reload
Begin MonoManager ReloadAssembly
- Loaded All Assemblies, in  0.960 seconds
Native extension for WindowsStandalone target not found
Native extension for Android target not found
Native extension for WebGL target not found
Mono: successfully reloaded assembly
- Finished resetting the current domain, in  2.670 seconds
Domain Reload Profiling: 3619ms
	BeginReloadAssembly (336ms)
		ExecutionOrderSort (0ms)
		DisableScriptedObjects (9ms)
		BackupInstance (0ms)
		ReleaseScriptingObjects (0ms)
		CreateAndSetChildDomain (75ms)
	RebuildCommonClasses (73ms)
	RebuildNativeTypeToScriptingClass (28ms)
	initialDomainReloadingComplete (71ms)
	LoadAllAssembliesAndSetupDomain (441ms)
		LoadAssemblies (611ms)
		RebuildTransferFunctionScriptingTraits (0ms)
		AnalyzeDomain (28ms)
			TypeCache.Refresh (12ms)
				TypeCache.ScanAssembly (0ms)
			ScanForSourceGeneratedMonoScriptInfo (0ms)
			ResolveRequiredComponents (14ms)
	FinalizeReload (2671ms)
		ReleaseScriptCaches (0ms)
		RebuildScriptCaches (0ms)
		SetupLoadedEditorAssemblies (1034ms)
			LogAssemblyErrors (0ms)
			InitializePlatformSupportModulesInManaged (55ms)
			SetLoadedEditorAssemblies (11ms)
			RefreshPlugins (0ms)
			BeforeProcessingInitializeOnLoad (159ms)
			ProcessInitializeOnLoadAttributes (731ms)
			ProcessInitializeOnLoadMethodAttributes (53ms)
			AfterProcessingInitializeOnLoad (24ms)
			EditorAssembliesLoaded (1ms)
		ExecutionOrderSort2 (0ms)
		AwakeInstancesAfterBackupRestoration (20ms)
Refreshing native plugins compatible for Editor in 12.91 ms, found 3 plugins.
Preloading 0 native plugins for Editor in 0.00 ms.
Unloading 3240 Unused Serialized files (Serialized files now loaded: 0)
Unloading 14 unused Assets / (28.5 KB). Loaded Objects now: 3763.
Memory consumption went from 125.6 MB to 125.6 MB.
Total: 8.762500 ms (FindLiveObjects: 0.972700 ms CreateObjectMapping: 0.249100 ms MarkObjects: 7.448900 ms  DeleteObjects: 0.089000 ms)

Prepare: number of updated asset objects reloaded= 0
AssetImportParameters requested are different than current active one (requested -> active):
  custom:container-demuxer-ogg: 62fdf1f143b41e24485cea50d1cbac27 -> 
  custom:scripting/monoscript/fileName/GameManager.cs: 9933fbcc6190e2a9171c2ec8808a053e -> 
  custom:video-decoder-ogg-theora: a1e56fd34408186e4bbccfd4996cb3dc -> 
  custom:framework-win-MediaFoundation: 216162199b28c13a410421893ffa2e32 -> 
  custom:CustomObjectIndexerAttribute: 9a22284fe3817be447336de3de66b15e -> 
  custom:scripting/monoscript/fileName/BinTrigger.cs: 1cf0c1cafc7b8564184bdf896c4b50a3 -> 
  custom:container-demuxer-webm: 4f35f7cbe854078d1ac9338744f61a02 -> 
  custom:scripting/monoscript/fileName/TrashSortingSceneBuilder.cs: 137d01e304a323d9a744efd686c46d3b -> 
  custom:container-muxer-webm: aa71ff27fc2769a1b78a27578f13a17b -> 
  custom:video-decoder-webm-vp8: 9c59270c3fd7afecdb556c50c9e8de78 -> 
  custom:SearchIndexIgnoredProperties: e643bd26f0fe6173181afceb89e7c659 -> 
  custom:AudioImporter_EditorPlatform: d09bf68614088b80899f8185d706f6e7 -> 
  custom:scripting/monoscript/fileName/UIStartPanel.cs: c163dad71132ca2e3bdd787b686d25d2 -> 
  custom:video-encoder-webm-vp8: eb34c28f22e8b96e1ab97ce403110664 -> 
  custom:audio-decoder-ogg-vorbis: bf7c407c2cedff20999df2af8eb42d56 -> 
  custom:audio-encoder-webm-vorbis: bf7c407c2cedff20999df2af8eb42d56 -> 
========================================================================
Received Prepare
Caller must complete domain reload
Begin MonoManager ReloadAssembly
- Loaded All Assemblies, in  0.920 seconds
Native extension for WindowsStandalone target not found
Native extension for Android target not found
Native extension for WebGL target not found
Mono: successfully reloaded assembly
- Finished resetting the current domain, in  2.634 seconds
Domain Reload Profiling: 3545ms
	BeginReloadAssembly (302ms)
		ExecutionOrderSort (0ms)
		DisableScriptedObjects (17ms)
		BackupInstance (0ms)
		ReleaseScriptingObjects (0ms)
		CreateAndSetChildDomain (59ms)
	RebuildCommonClasses (71ms)
	RebuildNativeTypeToScriptingClass (28ms)
	initialDomainReloadingComplete (70ms)
	LoadAllAssembliesAndSetupDomain (439ms)
		LoadAssemblies (567ms)
		RebuildTransferFunctionScriptingTraits (0ms)
		AnalyzeDomain (33ms)
			TypeCache.Refresh (11ms)
				TypeCache.ScanAssembly (0ms)
			ScanForSourceGeneratedMonoScriptInfo (1ms)
			ResolveRequiredComponents (13ms)
	FinalizeReload (2635ms)
		ReleaseScriptCaches (0ms)
		RebuildScriptCaches (0ms)
		SetupLoadedEditorAssemblies (1075ms)
			LogAssemblyErrors (0ms)
			InitializePlatformSupportModulesInManaged (53ms)
			SetLoadedEditorAssemblies (9ms)
			RefreshPlugins (0ms)
			BeforeProcessingInitializeOnLoad (157ms)
			ProcessInitializeOnLoadAttributes (781ms)
			ProcessInitializeOnLoadMethodAttributes (52ms)
			AfterProcessingInitializeOnLoad (22ms)
			EditorAssembliesLoaded (0ms)
		ExecutionOrderSort2 (0ms)
		AwakeInstancesAfterBackupRestoration (18ms)
Refreshing native plugins compatible for Editor in 11.07 ms, found 3 plugins.
Preloading 0 native plugins for Editor in 0.00 ms.
Unloading 3241 Unused Serialized files (Serialized files now loaded: 0)
Unloading 14 unused Assets / (28.5 KB). Loaded Objects now: 3767.
Memory consumption went from 125.9 MB to 125.9 MB.
Total: 7.516600 ms (FindLiveObjects: 0.619100 ms CreateObjectMapping: 0.410700 ms MarkObjects: 6.405700 ms  DeleteObjects: 0.079700 ms)

Prepare: number of updated asset objects reloaded= 0
AssetImportParameters requested are different than current active one (requested -> active):
  custom:container-demuxer-ogg: 62fdf1f143b41e24485cea50d1cbac27 -> 
  custom:scripting/monoscript/fileName/GameManager.cs: 9933fbcc6190e2a9171c2ec8808a053e -> 
  custom:video-decoder-ogg-theora: a1e56fd34408186e4bbccfd4996cb3dc -> 
  custom:framework-win-MediaFoundation: 216162199b28c13a410421893ffa2e32 -> 
  custom:CustomObjectIndexerAttribute: 9a22284fe3817be447336de3de66b15e -> 
  custom:scripting/monoscript/fileName/BinTrigger.cs: 1cf0c1cafc7b8564184bdf896c4b50a3 -> 
  custom:container-demuxer-webm: 4f35f7cbe854078d1ac9338744f61a02 -> 
  custom:scripting/monoscript/fileName/TrashSortingSceneBuilder.cs: 137d01e304a323d9a744efd686c46d3b -> 
  custom:container-muxer-webm: aa71ff27fc2769a1b78a27578f13a17b -> 
  custom:video-decoder-webm-vp8: 9c59270c3fd7afecdb556c50c9e8de78 -> 
  custom:SearchIndexIgnoredProperties: e643bd26f0fe6173181afceb89e7c659 -> 
  custom:AudioImporter_EditorPlatform: d09bf68614088b80899f8185d706f6e7 -> 
  custom:scripting/monoscript/fileName/UIStartPanel.cs: c163dad71132ca2e3bdd787b686d25d2 -> 
  custom:video-encoder-webm-vp8: eb34c28f22e8b96e1ab97ce403110664 -> 
  custom:audio-decoder-ogg-vorbis: bf7c407c2cedff20999df2af8eb42d56 -> 
  custom:audio-encoder-webm-vorbis: bf7c407c2cedff20999df2af8eb42d56 -> 
========================================================================
Received Prepare
Caller must complete domain reload
Begin MonoManager ReloadAssembly
- Loaded All Assemblies, in  0.929 seconds
Native extension for WindowsStandalone target not found
Native extension for Android target not found
Native extension for WebGL target not found
Mono: successfully reloaded assembly
- Finished resetting the current domain, in  2.614 seconds
Domain Reload Profiling: 3536ms
	BeginReloadAssembly (326ms)
		ExecutionOrderSort (0ms)
		DisableScriptedObjects (13ms)
		BackupInstance (0ms)
		ReleaseScriptingObjects (0ms)
		CreateAndSetChildDomain (51ms)
	RebuildCommonClasses (78ms)
	RebuildNativeTypeToScriptingClass (20ms)
	initialDomainReloadingComplete (73ms)
	LoadAllAssembliesAndSetupDomain (424ms)
		LoadAssemblies (607ms)
		RebuildTransferFunctionScriptingTraits (0ms)
		AnalyzeDomain (24ms)
			TypeCache.Refresh (11ms)
				TypeCache.ScanAssembly (0ms)
			ScanForSourceGeneratedMonoScriptInfo (0ms)
			ResolveRequiredComponents (11ms)
	FinalizeReload (2615ms)
		ReleaseScriptCaches (0ms)
		RebuildScriptCaches (0ms)
		SetupLoadedEditorAssemblies (1091ms)
			LogAssemblyErrors (0ms)
			InitializePlatformSupportModulesInManaged (53ms)
			SetLoadedEditorAssemblies (10ms)
			RefreshPlugins (0ms)
			BeforeProcessingInitializeOnLoad (153ms)
			ProcessInitializeOnLoadAttributes (795ms)
			ProcessInitializeOnLoadMethodAttributes (53ms)
			AfterProcessingInitializeOnLoad (26ms)
			EditorAssembliesLoaded (1ms)
		ExecutionOrderSort2 (0ms)
		AwakeInstancesAfterBackupRestoration (20ms)
Refreshing native plugins compatible for Editor in 10.65 ms, found 3 plugins.
Preloading 0 native plugins for Editor in 0.00 ms.
Unloading 3254 Unused Serialized files (Serialized files now loaded: 0)
Unloading 27 unused Assets / (0.7 MB). Loaded Objects now: 3771.
Memory consumption went from 129.9 MB to 129.2 MB.
Total: 8.729000 ms (FindLiveObjects: 0.762700 ms CreateObjectMapping: 0.263500 ms MarkObjects: 6.660400 ms  DeleteObjects: 1.039800 ms)

Prepare: number of updated asset objects reloaded= 0
AssetImportParameters requested are different than current active one (requested -> active):
  custom:container-demuxer-ogg: 62fdf1f143b41e24485cea50d1cbac27 -> 
  custom:scripting/monoscript/fileName/GameManager.cs: 9933fbcc6190e2a9171c2ec8808a053e -> 
  custom:video-decoder-ogg-theora: a1e56fd34408186e4bbccfd4996cb3dc -> 
  custom:framework-win-MediaFoundation: 216162199b28c13a410421893ffa2e32 -> 
  custom:CustomObjectIndexerAttribute: 9a22284fe3817be447336de3de66b15e -> 
  custom:scripting/monoscript/fileName/BinTrigger.cs: 1cf0c1cafc7b8564184bdf896c4b50a3 -> 
  custom:container-demuxer-webm: 4f35f7cbe854078d1ac9338744f61a02 -> 
  custom:scripting/monoscript/fileName/TrashSortingSceneBuilder.cs: 137d01e304a323d9a744efd686c46d3b -> 
  custom:container-muxer-webm: aa71ff27fc2769a1b78a27578f13a17b -> 
  custom:video-decoder-webm-vp8: 9c59270c3fd7afecdb556c50c9e8de78 -> 
  custom:SearchIndexIgnoredProperties: e643bd26f0fe6173181afceb89e7c659 -> 
  custom:AudioImporter_EditorPlatform: d09bf68614088b80899f8185d706f6e7 -> 
  custom:scripting/monoscript/fileName/UIStartPanel.cs: c163dad71132ca2e3bdd787b686d25d2 -> 
  custom:video-encoder-webm-vp8: eb34c28f22e8b96e1ab97ce403110664 -> 
  custom:audio-decoder-ogg-vorbis: bf7c407c2cedff20999df2af8eb42d56 -> 
  custom:audio-encoder-webm-vorbis: bf7c407c2cedff20999df2af8eb42d56 -> 
========================================================================
Received Import Request.
  Time since last request: 1747.917842 seconds.
  path: Assets/Materiel/white.mat
  artifactKey: Guid(e896169d07fd0bf4591691ef0fc80e0d) Importer(815301076,1909f56bfc062723c751e8b465ee728b)
Start importing Assets/Materiel/white.mat using Guid(e896169d07fd0bf4591691ef0fc80e0d) Importer(815301076,1909f56bfc062723c751e8b465ee728b) [PhysX] Initialized MultithreadedTaskDispatcher with 16 workers.
[PhysX] Initialized MultithreadedTaskDispatcher with 16 workers.
 -> (artifact id: 'f446cd9c25017ada9dfe8f6a39f1ab5b') in 0.192360 seconds
Number of updated asset objects reloaded before import = 0
Number of asset objects unloaded after import = 1
========================================================================
Received Import Request.
  Time since last request: 371.761399 seconds.
  path: Assets/TextMesh Pro/Fonts/LiberationSans.ttf
  artifactKey: Guid(e3265ab4bf004d28a9537516768c1c75) Importer(815301076,1909f56bfc062723c751e8b465ee728b)
Start importing Assets/TextMesh Pro/Fonts/LiberationSans.ttf using Guid(e3265ab4bf004d28a9537516768c1c75) Importer(815301076,1909f56bfc062723c751e8b465ee728b) [PhysX] Initialized MultithreadedTaskDispatcher with 16 workers.
[PhysX] Initialized MultithreadedTaskDispatcher with 16 workers.
[PhysX] Initialized MultithreadedTaskDispatcher with 16 workers.
 -> (artifact id: 'cc0b5300b8e0f983116f46e186ac1a94') in 0.089539 seconds
Number of updated asset objects reloaded before import = 0
Number of asset objects unloaded after import = 4
========================================================================
Received Import Request.
  Time since last request: 1.707353 seconds.
  path: Assets/TextMesh Pro/Resources/Fonts & Materials/LiberationSans SDF - Drop Shadow.mat
  artifactKey: Guid(e73a58f6e2794ae7b1b7e50b7fb811b0) Importer(815301076,1909f56bfc062723c751e8b465ee728b)
Start importing Assets/TextMesh Pro/Resources/Fonts & Materials/LiberationSans SDF - Drop Shadow.mat using Guid(e73a58f6e2794ae7b1b7e50b7fb811b0) Importer(815301076,1909f56bfc062723c751e8b465ee728b) [PhysX] Initialized MultithreadedTaskDispatcher with 16 workers.
[PhysX] Initialized MultithreadedTaskDispatcher with 16 workers.
 -> (artifact id: '53e008def36785b64a590119fc384219') in 0.196381 seconds
Number of updated asset objects reloaded before import = 0
Number of asset objects unloaded after import = 3
========================================================================
Received Import Request.
  Time since last request: 1.217001 seconds.
  path: Assets/TextMesh Pro/Resources/Fonts & Materials/LiberationSans SDF - Fallback.asset
  artifactKey: Guid(2e498d1c8094910479dc3e1b768306a4) Importer(815301076,1909f56bfc062723c751e8b465ee728b)
Start importing Assets/TextMesh Pro/Resources/Fonts & Materials/LiberationSans SDF - Fallback.asset using Guid(2e498d1c8094910479dc3e1b768306a4) Importer(815301076,1909f56bfc062723c751e8b465ee728b) [PhysX] Initialized MultithreadedTaskDispatcher with 16 workers.
[PhysX] Initialized MultithreadedTaskDispatcher with 16 workers.
[PhysX] Initialized MultithreadedTaskDispatcher with 16 workers.
 -> (artifact id: '02de02c368f2da0774dce83cdb2a5a99') in 0.180404 seconds
Number of updated asset objects reloaded before import = 0
Number of asset objects unloaded after import = 7
========================================================================
Received Import Request.
  Time since last request: 245.155399 seconds.
  path: Assets/SpaceZeta_PlasticTrashBins/Prefabs/TrashbinBlue.prefab
  artifactKey: Guid(3773d0ae256dc594ea12defa93a67c26) Importer(815301076,1909f56bfc062723c751e8b465ee728b)
Start importing Assets/SpaceZeta_PlasticTrashBins/Prefabs/TrashbinBlue.prefab using Guid(3773d0ae256dc594ea12defa93a67c26) Importer(815301076,1909f56bfc062723c751e8b465ee728b) [PhysX] Initialized MultithreadedTaskDispatcher with 16 workers.
[PhysX] Initialized MultithreadedTaskDispatcher with 16 workers.
 -> (artifact id: '7ea65c3bea306efeb25b32a2a142ac48') in 0.089278 seconds
Number of updated asset objects reloaded before import = 0
Number of asset objects unloaded after import = 24
========================================================================
Received Import Request.
  Time since last request: 0.000046 seconds.
  path: Assets/SpaceZeta_PlasticTrashBins/Prefabs/TrashbinRed.prefab
  artifactKey: Guid(0f7b3117c02f5a34591d7757a1876e31) Importer(815301076,1909f56bfc062723c751e8b465ee728b)
Start importing Assets/SpaceZeta_PlasticTrashBins/Prefabs/TrashbinRed.prefab using Guid(0f7b3117c02f5a34591d7757a1876e31) Importer(815301076,1909f56bfc062723c751e8b465ee728b) [PhysX] Initialized MultithreadedTaskDispatcher with 16 workers.
[PhysX] Initialized MultithreadedTaskDispatcher with 16 workers.
 -> (artifact id: 'b1139f933333dfde57e4d14b7ba3559a') in 0.061504 seconds
Number of updated asset objects reloaded before import = 0
Number of asset objects unloaded after import = 24
========================================================================
Received Import Request.
  Time since last request: 12.496867 seconds.
  path: Assets/Pandazole_Ultimate_Pack/Pandazole Kitchen Food/Materials/Panda Mat.mat
  artifactKey: Guid(9866fda0e61a7904087eb0ec5ab17e03) Importer(815301076,1909f56bfc062723c751e8b465ee728b)
Start importing Assets/Pandazole_Ultimate_Pack/Pandazole Kitchen Food/Materials/Panda Mat.mat using Guid(9866fda0e61a7904087eb0ec5ab17e03) Importer(815301076,1909f56bfc062723c751e8b465ee728b) [PhysX] Initialized MultithreadedTaskDispatcher with 16 workers.
[PhysX] Initialized MultithreadedTaskDispatcher with 16 workers.
 -> (artifact id: 'd67fec032223a149cf67380d0500bd59') in 0.029318 seconds
Number of updated asset objects reloaded before import = 0
Number of asset objects unloaded after import = 2
========================================================================
Received Import Request.
  Time since last request: 7.470030 seconds.
  path: Assets/Pandazole_Ultimate_Pack/Pandazole Kitchen Food/Models/Food_Apple.fbx
  artifactKey: Guid(a19af451f264f994da93b0196c711d88) Importer(815301076,1909f56bfc062723c751e8b465ee728b)
Start importing Assets/Pandazole_Ultimate_Pack/Pandazole Kitchen Food/Models/Food_Apple.fbx using Guid(a19af451f264f994da93b0196c711d88) Importer(815301076,1909f56bfc062723c751e8b465ee728b) [PhysX] Initialized MultithreadedTaskDispatcher with 16 workers.
[PhysX] Initialized MultithreadedTaskDispatcher with 16 workers.
[PhysX] Initialized MultithreadedTaskDispatcher with 16 workers.
 -> (artifact id: '127558d246c4c1b8334a4dfb95e52ef7') in 0.059370 seconds
Number of updated asset objects reloaded before import = 0
Number of asset objects unloaded after import = 9
========================================================================
Received Import Request.
  Time since last request: 0.000051 seconds.
  path: Assets/Pandazole_Ultimate_Pack/Pandazole Kitchen Food/Models/Food_Mac n Cheese.fbx
  artifactKey: Guid(1f5ef8fbdd7a4134aafe35921d73e99f) Importer(815301076,1909f56bfc062723c751e8b465ee728b)
Start importing Assets/Pandazole_Ultimate_Pack/Pandazole Kitchen Food/Models/Food_Mac n Cheese.fbx using Guid(1f5ef8fbdd7a4134aafe35921d73e99f) Importer(815301076,1909f56bfc062723c751e8b465ee728b) [PhysX] Initialized MultithreadedTaskDispatcher with 16 workers.
[PhysX] Initialized MultithreadedTaskDispatcher with 16 workers.
[PhysX] Initialized MultithreadedTaskDispatcher with 16 workers.
 -> (artifact id: '53f66fb3b48a68a9067da0fc6df4ea1b') in 0.052687 seconds
Number of updated asset objects reloaded before import = 0
Number of asset objects unloaded after import = 9
========================================================================
Received Import Request.
  Time since last request: 0.000037 seconds.
  path: Assets/Pandazole_Ultimate_Pack/Pandazole Kitchen Food/Models/Food_Tomato.fbx
  artifactKey: Guid(86900e546c2cb31478f5b1f15b1ba6d8) Importer(815301076,1909f56bfc062723c751e8b465ee728b)
Start importing Assets/Pandazole_Ultimate_Pack/Pandazole Kitchen Food/Models/Food_Tomato.fbx using Guid(86900e546c2cb31478f5b1f15b1ba6d8) Importer(815301076,1909f56bfc062723c751e8b465ee728b) [PhysX] Initialized MultithreadedTaskDispatcher with 16 workers.
[PhysX] Initialized MultithreadedTaskDispatcher with 16 workers.
[PhysX] Initialized MultithreadedTaskDispatcher with 16 workers.
 -> (artifact id: '89af75ca9fe933e1dd9328850e99f493') in 0.035025 seconds
Number of updated asset objects reloaded before import = 0
Number of asset objects unloaded after import = 9
========================================================================
Received Import Request.
  Time since last request: 0.000029 seconds.
  path: Assets/Pandazole_Ultimate_Pack/Pandazole Kitchen Food/Models/Food_Cooked Rice.fbx
  artifactKey: Guid(94b7883e1336648429edadcf8a804d90) Importer(815301076,1909f56bfc062723c751e8b465ee728b)
Start importing Assets/Pandazole_Ultimate_Pack/Pandazole Kitchen Food/Models/Food_Cooked Rice.fbx using Guid(94b7883e1336648429edadcf8a804d90) Importer(815301076,1909f56bfc062723c751e8b465ee728b) [PhysX] Initialized MultithreadedTaskDispatcher with 16 workers.
[PhysX] Initialized MultithreadedTaskDispatcher with 16 workers.
[PhysX] Initialized MultithreadedTaskDispatcher with 16 workers.
 -> (artifact id: 'b9c52859fe927d47d28cfd36e8bf95ab') in 0.047866 seconds
Number of updated asset objects reloaded before import = 0
Number of asset objects unloaded after import = 9
========================================================================
Received Import Request.
  Time since last request: 0.000032 seconds.
  path: Assets/Pandazole_Ultimate_Pack/Pandazole Kitchen Food/Models/Food_Salad.fbx
  artifactKey: Guid(20fcafbd3d8f58344b702d6bcf9321f1) Importer(815301076,1909f56bfc062723c751e8b465ee728b)
Start importing Assets/Pandazole_Ultimate_Pack/Pandazole Kitchen Food/Models/Food_Salad.fbx using Guid(20fcafbd3d8f58344b702d6bcf9321f1) Importer(815301076,1909f56bfc062723c751e8b465ee728b) [PhysX] Initialized MultithreadedTaskDispatcher with 16 workers.
[PhysX] Initialized MultithreadedTaskDispatcher with 16 workers.
[PhysX] Initialized MultithreadedTaskDispatcher with 16 workers.
 -> (artifact id: 'e54f321ffc926abef71300419083f5f6') in 0.033778 seconds
Number of updated asset objects reloaded before import = 0
Number of asset objects unloaded after import = 9
========================================================================
Received Import Request.
  Time since last request: 0.000042 seconds.
  path: Assets/Pandazole_Ultimate_Pack/Pandazole Kitchen Food/Models/Food_Pumpkin Soup.fbx
  artifactKey: Guid(477989e64fc6fa9439f836e0beff12f1) Importer(815301076,1909f56bfc062723c751e8b465ee728b)
Start importing Assets/Pandazole_Ultimate_Pack/Pandazole Kitchen Food/Models/Food_Pumpkin Soup.fbx using Guid(477989e64fc6fa9439f836e0beff12f1) Importer(815301076,1909f56bfc062723c751e8b465ee728b) [PhysX] Initialized MultithreadedTaskDispatcher with 16 workers.
[PhysX] Initialized MultithreadedTaskDispatcher with 16 workers.
[PhysX] Initialized MultithreadedTaskDispatcher with 16 workers.
 -> (artifact id: 'b4583a1410e45ca34c4d640fe130ad93') in 0.041668 seconds
Number of updated asset objects reloaded before import = 0
Number of asset objects unloaded after import = 9
========================================================================
Received Import Request.
  Time since last request: 0.000034 seconds.
  path: Assets/Pandazole_Ultimate_Pack/Pandazole Kitchen Food/Models/Food_Steak.fbx
  artifactKey: Guid(4ec56c2afa83878458536bef9dd74897) Importer(815301076,1909f56bfc062723c751e8b465ee728b)
Start importing Assets/Pandazole_Ultimate_Pack/Pandazole Kitchen Food/Models/Food_Steak.fbx using Guid(4ec56c2afa83878458536bef9dd74897) Importer(815301076,1909f56bfc062723c751e8b465ee728b) [PhysX] Initialized MultithreadedTaskDispatcher with 16 workers.
[PhysX] Initialized MultithreadedTaskDispatcher with 16 workers.
[PhysX] Initialized MultithreadedTaskDispatcher with 16 workers.
 -> (artifact id: '30180efa86e7cac548fff72a7351a0cf') in 0.033337 seconds
Number of updated asset objects reloaded before import = 0
Number of asset objects unloaded after import = 9
========================================================================
Received Import Request.
  Time since last request: 0.000039 seconds.
  path: Assets/Pandazole_Ultimate_Pack/Pandazole Kitchen Food/Models/Food_Parsnip.fbx
  artifactKey: Guid(0dfa73f8241c6494cad4dd617829bb65) Importer(815301076,1909f56bfc062723c751e8b465ee728b)
Start importing Assets/Pandazole_Ultimate_Pack/Pandazole Kitchen Food/Models/Food_Parsnip.fbx using Guid(0dfa73f8241c6494cad4dd617829bb65) Importer(815301076,1909f56bfc062723c751e8b465ee728b) [PhysX] Initialized MultithreadedTaskDispatcher with 16 workers.
[PhysX] Initialized MultithreadedTaskDispatcher with 16 workers.
[PhysX] Initialized MultithreadedTaskDispatcher with 16 workers.
 -> (artifact id: '24c4b2ed8b1049401788ea57384d157e') in 0.033603 seconds
Number of updated asset objects reloaded before import = 0
Number of asset objects unloaded after import = 9
========================================================================
Received Import Request.
  Time since last request: 0.000079 seconds.
  path: Assets/Pandazole_Ultimate_Pack/Pandazole Kitchen Food/Models/Food_Rice.fbx
  artifactKey: Guid(ea7da191f2cf5eb40811367efb81c18b) Importer(815301076,1909f56bfc062723c751e8b465ee728b)
Start importing Assets/Pandazole_Ultimate_Pack/Pandazole Kitchen Food/Models/Food_Rice.fbx using Guid(ea7da191f2cf5eb40811367efb81c18b) Importer(815301076,1909f56bfc062723c751e8b465ee728b) [PhysX] Initialized MultithreadedTaskDispatcher with 16 workers.
[PhysX] Initialized MultithreadedTaskDispatcher with 16 workers.
[PhysX] Initialized MultithreadedTaskDispatcher with 16 workers.
 -> (artifact id: 'bae83b6b4dc7f9aead0d32adf9070b24') in 0.041489 seconds
Number of updated asset objects reloaded before import = 0
Number of asset objects unloaded after import = 9
========================================================================
Received Import Request.
  Time since last request: 0.000069 seconds.
  path: Assets/Pandazole_Ultimate_Pack/Pandazole Kitchen Food/Models/Food_Oil.fbx
  artifactKey: Guid(c05e831c1a7cd42409777f8defe5b330) Importer(815301076,1909f56bfc062723c751e8b465ee728b)
Start importing Assets/Pandazole_Ultimate_Pack/Pandazole Kitchen Food/Models/Food_Oil.fbx using Guid(c05e831c1a7cd42409777f8defe5b330) Importer(815301076,1909f56bfc062723c751e8b465ee728b) [PhysX] Initialized MultithreadedTaskDispatcher with 16 workers.
[PhysX] Initialized MultithreadedTaskDispatcher with 16 workers.
[PhysX] Initialized MultithreadedTaskDispatcher with 16 workers.
 -> (artifact id: 'b419e4903b225baf79f9f3c0ab2bfe9b') in 0.039041 seconds
Number of updated asset objects reloaded before import = 0
Number of asset objects unloaded after import = 9
========================================================================
Received Import Request.
  Time since last request: 0.000040 seconds.
  path: Assets/Pandazole_Ultimate_Pack/Pandazole Kitchen Food/Models/Food_Empty Cup.fbx
  artifactKey: Guid(e1ddf796d5357f24bb29236a64677543) Importer(815301076,1909f56bfc062723c751e8b465ee728b)
Start importing Assets/Pandazole_Ultimate_Pack/Pandazole Kitchen Food/Models/Food_Empty Cup.fbx using Guid(e1ddf796d5357f24bb29236a64677543) Importer(815301076,1909f56bfc062723c751e8b465ee728b) [PhysX] Initialized MultithreadedTaskDispatcher with 16 workers.
[PhysX] Initialized MultithreadedTaskDispatcher with 16 workers.
[PhysX] Initialized MultithreadedTaskDispatcher with 16 workers.
 -> (artifact id: 'de9b57ca905c3ab687845e31401137bb') in 0.035534 seconds
Number of updated asset objects reloaded before import = 0
Number of asset objects unloaded after import = 9
========================================================================
Received Import Request.
  Time since last request: 0.000033 seconds.
  path: Assets/Pandazole_Ultimate_Pack/Pandazole Kitchen Food/Models/Food_Mac n Cheese with brocoli.fbx
  artifactKey: Guid(0e3637e9447ae2b489f767c88ac5811b) Importer(815301076,1909f56bfc062723c751e8b465ee728b)
Start importing Assets/Pandazole_Ultimate_Pack/Pandazole Kitchen Food/Models/Food_Mac n Cheese with brocoli.fbx using Guid(0e3637e9447ae2b489f767c88ac5811b) Importer(815301076,1909f56bfc062723c751e8b465ee728b) [PhysX] Initialized MultithreadedTaskDispatcher with 16 workers.
[PhysX] Initialized MultithreadedTaskDispatcher with 16 workers.
[PhysX] Initialized MultithreadedTaskDispatcher with 16 workers.
 -> (artifact id: '2dc93a610013b9ec2b04359b2114c4a0') in 0.042042 seconds
Number of updated asset objects reloaded before import = 0
Number of asset objects unloaded after import = 9
========================================================================
Received Import Request.
  Time since last request: 0.000035 seconds.
  path: Assets/Pandazole_Ultimate_Pack/Pandazole Kitchen Food/Models/Food_Chicken Chest.fbx
  artifactKey: Guid(24b382782ffde52469798404ea46d194) Importer(815301076,1909f56bfc062723c751e8b465ee728b)
Start importing Assets/Pandazole_Ultimate_Pack/Pandazole Kitchen Food/Models/Food_Chicken Chest.fbx using Guid(24b382782ffde52469798404ea46d194) Importer(815301076,1909f56bfc062723c751e8b465ee728b) [PhysX] Initialized MultithreadedTaskDispatcher with 16 workers.
[PhysX] Initialized MultithreadedTaskDispatcher with 16 workers.
[PhysX] Initialized MultithreadedTaskDispatcher with 16 workers.
 -> (artifact id: 'c1cf51b8c9aa06fc987cb7efb5f630c5') in 0.038950 seconds
Number of updated asset objects reloaded before import = 0
Number of asset objects unloaded after import = 9
========================================================================
Received Import Request.
  Time since last request: 0.000033 seconds.
  path: Assets/Pandazole_Ultimate_Pack/Pandazole Kitchen Food/Models/Food_Seared Chicken.fbx
  artifactKey: Guid(a529cef2f9cd2c4469a486205e48d172) Importer(815301076,1909f56bfc062723c751e8b465ee728b)
Start importing Assets/Pandazole_Ultimate_Pack/Pandazole Kitchen Food/Models/Food_Seared Chicken.fbx using Guid(a529cef2f9cd2c4469a486205e48d172) Importer(815301076,1909f56bfc062723c751e8b465ee728b) [PhysX] Initialized MultithreadedTaskDispatcher with 16 workers.
[PhysX] Initialized MultithreadedTaskDispatcher with 16 workers.
[PhysX] Initialized MultithreadedTaskDispatcher with 16 workers.
 -> (artifact id: '8f3b58da15b19c7696954cb30ea0e5ad') in 0.049600 seconds
Number of updated asset objects reloaded before import = 0
Number of asset objects unloaded after import = 9
========================================================================
Received Import Request.
  Time since last request: 0.000058 seconds.
  path: Assets/Pandazole_Ultimate_Pack/Pandazole Kitchen Food/Models/Food_Omelette.fbx
  artifactKey: Guid(dd63c41cd193ffa418ba669e8d906e7a) Importer(815301076,1909f56bfc062723c751e8b465ee728b)
Start importing Assets/Pandazole_Ultimate_Pack/Pandazole Kitchen Food/Models/Food_Omelette.fbx using Guid(dd63c41cd193ffa418ba669e8d906e7a) Importer(815301076,1909f56bfc062723c751e8b465ee728b) [PhysX] Initialized MultithreadedTaskDispatcher with 16 workers.
[PhysX] Initialized MultithreadedTaskDispatcher with 16 workers.
[PhysX] Initialized MultithreadedTaskDispatcher with 16 workers.
 -> (artifact id: '544abdaf75e13b63413f54b5dde86a9b') in 0.042666 seconds
Number of updated asset objects reloaded before import = 0
Number of asset objects unloaded after import = 9
========================================================================
Received Import Request.
  Time since last request: 0.000053 seconds.
  path: Assets/Pandazole_Ultimate_Pack/Pandazole Kitchen Food/Models/Food_Meatballs.fbx
  artifactKey: Guid(d8959aa2d41930648bb3be1df57159b1) Importer(815301076,1909f56bfc062723c751e8b465ee728b)
Start importing Assets/Pandazole_Ultimate_Pack/Pandazole Kitchen Food/Models/Food_Meatballs.fbx using Guid(d8959aa2d41930648bb3be1df57159b1) Importer(815301076,1909f56bfc062723c751e8b465ee728b) [PhysX] Initialized MultithreadedTaskDispatcher with 16 workers.
[PhysX] Initialized MultithreadedTaskDispatcher with 16 workers.
[PhysX] Initialized MultithreadedTaskDispatcher with 16 workers.
 -> (artifact id: '9de85407ca78907c2047f6085c46a7ea') in 0.048170 seconds
Number of updated asset objects reloaded before import = 0
Number of asset objects unloaded after import = 9
========================================================================
Received Import Request.
  Time since last request: 0.000027 seconds.
  path: Assets/Pandazole_Ultimate_Pack/Pandazole Kitchen Food/Models/Food_Black Coffee Cup.fbx
  artifactKey: Guid(c11535d424efc5e459633daf533e2b04) Importer(815301076,1909f56bfc062723c751e8b465ee728b)
Start importing Assets/Pandazole_Ultimate_Pack/Pandazole Kitchen Food/Models/Food_Black Coffee Cup.fbx using Guid(c11535d424efc5e459633daf533e2b04) Importer(815301076,1909f56bfc062723c751e8b465ee728b) [PhysX] Initialized MultithreadedTaskDispatcher with 16 workers.
[PhysX] Initialized MultithreadedTaskDispatcher with 16 workers.
[PhysX] Initialized MultithreadedTaskDispatcher with 16 workers.
 -> (artifact id: '3ae5da93d20b7c716350e6611dec2b7d') in 0.030007 seconds
Number of updated asset objects reloaded before import = 0
Number of asset objects unloaded after import = 9
========================================================================
Received Import Request.
  Time since last request: 0.000033 seconds.
  path: Assets/Pandazole_Ultimate_Pack/Pandazole Kitchen Food/Models/Food_French Fries.fbx
  artifactKey: Guid(036455e1217523c49ac17adce37d972c) Importer(815301076,1909f56bfc062723c751e8b465ee728b)
Start importing Assets/Pandazole_Ultimate_Pack/Pandazole Kitchen Food/Models/Food_French Fries.fbx using Guid(036455e1217523c49ac17adce37d972c) Importer(815301076,1909f56bfc062723c751e8b465ee728b) [PhysX] Initialized MultithreadedTaskDispatcher with 16 workers.
[PhysX] Initialized MultithreadedTaskDispatcher with 16 workers.
[PhysX] Initialized MultithreadedTaskDispatcher with 16 workers.
 -> (artifact id: '96669dd9661a58f50db68ae919d99a60') in 0.042597 seconds
Number of updated asset objects reloaded before import = 0
Number of asset objects unloaded after import = 9
========================================================================
Received Import Request.
  Time since last request: 0.000024 seconds.
  path: Assets/Pandazole_Ultimate_Pack/Pandazole Kitchen Food/Models/Food_Bread.fbx
  artifactKey: Guid(fafa07026b54c1a4889664f4e4f505d9) Importer(815301076,1909f56bfc062723c751e8b465ee728b)
Start importing Assets/Pandazole_Ultimate_Pack/Pandazole Kitchen Food/Models/Food_Bread.fbx using Guid(fafa07026b54c1a4889664f4e4f505d9) Importer(815301076,1909f56bfc062723c751e8b465ee728b) [PhysX] Initialized MultithreadedTaskDispatcher with 16 workers.
[PhysX] Initialized MultithreadedTaskDispatcher with 16 workers.
[PhysX] Initialized MultithreadedTaskDispatcher with 16 workers.
 -> (artifact id: 'ce7f65778fffa7074062cf6d12f8c42b') in 0.036419 seconds
Number of updated asset objects reloaded before import = 0
Number of asset objects unloaded after import = 9
========================================================================
Received Import Request.
  Time since last request: 0.000025 seconds.
  path: Assets/Pandazole_Ultimate_Pack/Pandazole Kitchen Food/Models/Food_Chicken Breast.fbx
  artifactKey: Guid(e13a3c9aa94bae74aa2c9b93a5b7ed5f) Importer(815301076,1909f56bfc062723c751e8b465ee728b)
Start importing Assets/Pandazole_Ultimate_Pack/Pandazole Kitchen Food/Models/Food_Chicken Breast.fbx using Guid(e13a3c9aa94bae74aa2c9b93a5b7ed5f) Importer(815301076,1909f56bfc062723c751e8b465ee728b) [PhysX] Initialized MultithreadedTaskDispatcher with 16 workers.
[PhysX] Initialized MultithreadedTaskDispatcher with 16 workers.
[PhysX] Initialized MultithreadedTaskDispatcher with 16 workers.
 -> (artifact id: '24095737de3fe202376c1f6e962c2509') in 0.044668 seconds
Number of updated asset objects reloaded before import = 0
Number of asset objects unloaded after import = 9
========================================================================
Received Import Request.
  Time since last request: 0.000053 seconds.
  path: Assets/Pandazole_Ultimate_Pack/Pandazole Kitchen Food/Models/Food_Meatloaf.fbx
  artifactKey: Guid(f9eb087957d75784eb4f20dd0f344f56) Importer(815301076,1909f56bfc062723c751e8b465ee728b)
Start importing Assets/Pandazole_Ultimate_Pack/Pandazole Kitchen Food/Models/Food_Meatloaf.fbx using Guid(f9eb087957d75784eb4f20dd0f344f56) Importer(815301076,1909f56bfc062723c751e8b465ee728b) [PhysX] Initialized MultithreadedTaskDispatcher with 16 workers.
[PhysX] Initialized MultithreadedTaskDispatcher with 16 workers.
[PhysX] Initialized MultithreadedTaskDispatcher with 16 workers.
 -> (artifact id: '18247143d096105b346db39247732603') in 0.032657 seconds
Number of updated asset objects reloaded before import = 0
Number of asset objects unloaded after import = 9
========================================================================
Received Import Request.
  Time since last request: 0.000043 seconds.
  path: Assets/Pandazole_Ultimate_Pack/Pandazole Kitchen Food/Models/Food_Dough.fbx
  artifactKey: Guid(3b21e4f3421eb6349afd4402b8197574) Importer(815301076,1909f56bfc062723c751e8b465ee728b)
Start importing Assets/Pandazole_Ultimate_Pack/Pandazole Kitchen Food/Models/Food_Dough.fbx using Guid(3b21e4f3421eb6349afd4402b8197574) Importer(815301076,1909f56bfc062723c751e8b465ee728b) [PhysX] Initialized MultithreadedTaskDispatcher with 16 workers.
[PhysX] Initialized MultithreadedTaskDispatcher with 16 workers.
[PhysX] Initialized MultithreadedTaskDispatcher with 16 workers.
 -> (artifact id: '8bba95d64559b7612c6d6def1f2859b8') in 0.041728 seconds
Number of updated asset objects reloaded before import = 0
Number of asset objects unloaded after import = 9
========================================================================
Received Import Request.
  Time since last request: 0.000033 seconds.
  path: Assets/Pandazole_Ultimate_Pack/Pandazole Kitchen Food/Models/Food_Lettuce.fbx
  artifactKey: Guid(a82f637f337ff5b4c8c78c61d989ebd1) Importer(815301076,1909f56bfc062723c751e8b465ee728b)
Start importing Assets/Pandazole_Ultimate_Pack/Pandazole Kitchen Food/Models/Food_Lettuce.fbx using Guid(a82f637f337ff5b4c8c78c61d989ebd1) Importer(815301076,1909f56bfc062723c751e8b465ee728b) [PhysX] Initialized MultithreadedTaskDispatcher with 16 workers.
[PhysX] Initialized MultithreadedTaskDispatcher with 16 workers.
[PhysX] Initialized MultithreadedTaskDispatcher with 16 workers.
 -> (artifact id: '8962ce8001df212b385334a363eb4d48') in 0.034841 seconds
Number of updated asset objects reloaded before import = 0
Number of asset objects unloaded after import = 9
========================================================================
Received Import Request.
  Time since last request: 0.000031 seconds.
  path: Assets/Pandazole_Ultimate_Pack/Pandazole Kitchen Food/Models/Food_Seared Ground Beef.fbx
  artifactKey: Guid(92680b794337db845b868f78cc960077) Importer(815301076,1909f56bfc062723c751e8b465ee728b)
Start importing Assets/Pandazole_Ultimate_Pack/Pandazole Kitchen Food/Models/Food_Seared Ground Beef.fbx using Guid(92680b794337db845b868f78cc960077) Importer(815301076,1909f56bfc062723c751e8b465ee728b) [PhysX] Initialized MultithreadedTaskDispatcher with 16 workers.
[PhysX] Initialized MultithreadedTaskDispatcher with 16 workers.
[PhysX] Initialized MultithreadedTaskDispatcher with 16 workers.
 -> (artifact id: '40027ca198aee9e401295e7d595ca1b7') in 0.042650 seconds
Number of updated asset objects reloaded before import = 0
Number of asset objects unloaded after import = 9
========================================================================
Received Import Request.
  Time since last request: 0.000024 seconds.
  path: Assets/Pandazole_Ultimate_Pack/Pandazole Kitchen Food/Models/Food_Carrot Soup.fbx
  artifactKey: Guid(b3fa70a5b617ee54ca64b45d7b16dd68) Importer(815301076,1909f56bfc062723c751e8b465ee728b)
Start importing Assets/Pandazole_Ultimate_Pack/Pandazole Kitchen Food/Models/Food_Carrot Soup.fbx using Guid(b3fa70a5b617ee54ca64b45d7b16dd68) Importer(815301076,1909f56bfc062723c751e8b465ee728b) [PhysX] Initialized MultithreadedTaskDispatcher with 16 workers.
[PhysX] Initialized MultithreadedTaskDispatcher with 16 workers.
[PhysX] Initialized MultithreadedTaskDispatcher with 16 workers.
 -> (artifact id: '1f7a6b4578c8ca1df8af38d809c08305') in 0.035521 seconds
Number of updated asset objects reloaded before import = 0
Number of asset objects unloaded after import = 9
========================================================================
Received Import Request.
  Time since last request: 0.000032 seconds.
  path: Assets/Pandazole_Ultimate_Pack/Pandazole Kitchen Food/Models/Food_Soup Base.fbx
  artifactKey: Guid(cfbc7deacfb1daa43a4f939f37fe4a65) Importer(815301076,1909f56bfc062723c751e8b465ee728b)
Start importing Assets/Pandazole_Ultimate_Pack/Pandazole Kitchen Food/Models/Food_Soup Base.fbx using Guid(cfbc7deacfb1daa43a4f939f37fe4a65) Importer(815301076,1909f56bfc062723c751e8b465ee728b) [PhysX] Initialized MultithreadedTaskDispatcher with 16 workers.
[PhysX] Initialized MultithreadedTaskDispatcher with 16 workers.
[PhysX] Initialized MultithreadedTaskDispatcher with 16 workers.
 -> (artifact id: '704bd67bf90b60718354f797fb7cc8bd') in 0.038663 seconds
Number of updated asset objects reloaded before import = 0
Number of asset objects unloaded after import = 9
========================================================================
Received Import Request.
  Time since last request: 0.000031 seconds.
  path: Assets/Pandazole_Ultimate_Pack/Pandazole Kitchen Food/Models/Food_Sunny Egg.fbx
  artifactKey: Guid(fa53bc9349ad2384ca38ebc28ae76083) Importer(815301076,1909f56bfc062723c751e8b465ee728b)
Start importing Assets/Pandazole_Ultimate_Pack/Pandazole Kitchen Food/Models/Food_Sunny Egg.fbx using Guid(fa53bc9349ad2384ca38ebc28ae76083) Importer(815301076,1909f56bfc062723c751e8b465ee728b) [PhysX] Initialized MultithreadedTaskDispatcher with 16 workers.
[PhysX] Initialized MultithreadedTaskDispatcher with 16 workers.
[PhysX] Initialized MultithreadedTaskDispatcher with 16 workers.
 -> (artifact id: 'a98971041582cb96fe11951141ed0512') in 0.042627 seconds
Number of updated asset objects reloaded before import = 0
Number of asset objects unloaded after import = 9
========================================================================
Received Import Request.
  Time since last request: 16.516329 seconds.
  path: Assets/Pandazole_Ultimate_Pack/Pandazole Kitchen Food/Models/Food_Turkey Breast.fbx
  artifactKey: Guid(3b4343757e28f7b4482a6a2603225d74) Importer(815301076,1909f56bfc062723c751e8b465ee728b)
Start importing Assets/Pandazole_Ultimate_Pack/Pandazole Kitchen Food/Models/Food_Turkey Breast.fbx using Guid(3b4343757e28f7b4482a6a2603225d74) Importer(815301076,1909f56bfc062723c751e8b465ee728b) [PhysX] Initialized MultithreadedTaskDispatcher with 16 workers.
[PhysX] Initialized MultithreadedTaskDispatcher with 16 workers.
[PhysX] Initialized MultithreadedTaskDispatcher with 16 workers.
 -> (artifact id: '9cb86bd9b5a2abdee29dbcc0998f507f') in 0.039345 seconds
Number of updated asset objects reloaded before import = 0
Number of asset objects unloaded after import = 9
========================================================================
Received Import Request.
  Time since last request: 0.000030 seconds.
  path: Assets/Pandazole_Ultimate_Pack/Pandazole Kitchen Food/Models/Prop_Bowel_04.fbx
  artifactKey: Guid(c4d700d15d4109a4e9014173103d7b09) Importer(815301076,1909f56bfc062723c751e8b465ee728b)
Start importing Assets/Pandazole_Ultimate_Pack/Pandazole Kitchen Food/Models/Prop_Bowel_04.fbx using Guid(c4d700d15d4109a4e9014173103d7b09) Importer(815301076,1909f56bfc062723c751e8b465ee728b) [PhysX] Initialized MultithreadedTaskDispatcher with 16 workers.
[PhysX] Initialized MultithreadedTaskDispatcher with 16 workers.
[PhysX] Initialized MultithreadedTaskDispatcher with 16 workers.
 -> (artifact id: 'c50ce13c422ef9a86cd82db910fbe13c') in 0.034962 seconds
Number of updated asset objects reloaded before import = 0
Number of asset objects unloaded after import = 9
========================================================================
Received Import Request.
  Time since last request: 0.000033 seconds.
  path: Assets/Pandazole_Ultimate_Pack/Pandazole Kitchen Food/Models/Prop_Bowel_02.fbx
  artifactKey: Guid(ca264ddbfe3764843adb802f9af81921) Importer(815301076,1909f56bfc062723c751e8b465ee728b)
Start importing Assets/Pandazole_Ultimate_Pack/Pandazole Kitchen Food/Models/Prop_Bowel_02.fbx using Guid(ca264ddbfe3764843adb802f9af81921) Importer(815301076,1909f56bfc062723c751e8b465ee728b) [PhysX] Initialized MultithreadedTaskDispatcher with 16 workers.
[PhysX] Initialized MultithreadedTaskDispatcher with 16 workers.
[PhysX] Initialized MultithreadedTaskDispatcher with 16 workers.
 -> (artifact id: 'e835d97ef86a91aa2dbb87807e4f7076') in 0.037304 seconds
Number of updated asset objects reloaded before import = 0
Number of asset objects unloaded after import = 9
========================================================================
Received Import Request.
  Time since last request: 0.000034 seconds.
  path: Assets/Pandazole_Ultimate_Pack/Pandazole Kitchen Food/Models/Prop_Bowel_03.fbx
  artifactKey: Guid(7350aa38472b0f447975fc278ed1e4fb) Importer(815301076,1909f56bfc062723c751e8b465ee728b)
Start importing Assets/Pandazole_Ultimate_Pack/Pandazole Kitchen Food/Models/Prop_Bowel_03.fbx using Guid(7350aa38472b0f447975fc278ed1e4fb) Importer(815301076,1909f56bfc062723c751e8b465ee728b) [PhysX] Initialized MultithreadedTaskDispatcher with 16 workers.
[PhysX] Initialized MultithreadedTaskDispatcher with 16 workers.
[PhysX] Initialized MultithreadedTaskDispatcher with 16 workers.
 -> (artifact id: 'a98c2db1d39611a13f3a6d0e2fda8bb5') in 0.038130 seconds
Number of updated asset objects reloaded before import = 0
Number of asset objects unloaded after import = 9
========================================================================
Received Import Request.
  Time since last request: 0.000034 seconds.
  path: Assets/Pandazole_Ultimate_Pack/Pandazole Kitchen Food/Models/Prop_Bowel_05.fbx
  artifactKey: Guid(080c695b9c7183841a2fd43eec311e54) Importer(815301076,1909f56bfc062723c751e8b465ee728b)
Start importing Assets/Pandazole_Ultimate_Pack/Pandazole Kitchen Food/Models/Prop_Bowel_05.fbx using Guid(080c695b9c7183841a2fd43eec311e54) Importer(815301076,1909f56bfc062723c751e8b465ee728b) [PhysX] Initialized MultithreadedTaskDispatcher with 16 workers.
[PhysX] Initialized MultithreadedTaskDispatcher with 16 workers.
[PhysX] Initialized MultithreadedTaskDispatcher with 16 workers.
 -> (artifact id: '20d1a27c1808134b0ab3136416d17a47') in 0.039050 seconds
Number of updated asset objects reloaded before import = 0
Number of asset objects unloaded after import = 9
========================================================================
Received Import Request.
  Time since last request: 15.139833 seconds.
  path: Assets/Pandazole_Ultimate_Pack/Pandazole Kitchen Food/Models/Prop_Cup_02.fbx
  artifactKey: Guid(057d9040f39341e4db38ba7679df6fc0) Importer(815301076,1909f56bfc062723c751e8b465ee728b)
Start importing Assets/Pandazole_Ultimate_Pack/Pandazole Kitchen Food/Models/Prop_Cup_02.fbx using Guid(057d9040f39341e4db38ba7679df6fc0) Importer(815301076,1909f56bfc062723c751e8b465ee728b) [PhysX] Initialized MultithreadedTaskDispatcher with 16 workers.
[PhysX] Initialized MultithreadedTaskDispatcher with 16 workers.
[PhysX] Initialized MultithreadedTaskDispatcher with 16 workers.
 -> (artifact id: '26631a12b9732d74b5d944bb784bf563') in 0.039088 seconds
Number of updated asset objects reloaded before import = 0
Number of asset objects unloaded after import = 9
========================================================================
Received Import Request.
  Time since last request: 0.000031 seconds.
  path: Assets/Pandazole_Ultimate_Pack/Pandazole Kitchen Food/Models/Prop_Fan_01.fbx
  artifactKey: Guid(3fbe0b01a203353439236fd94b910b4e) Importer(815301076,1909f56bfc062723c751e8b465ee728b)
Start importing Assets/Pandazole_Ultimate_Pack/Pandazole Kitchen Food/Models/Prop_Fan_01.fbx using Guid(3fbe0b01a203353439236fd94b910b4e) Importer(815301076,1909f56bfc062723c751e8b465ee728b) [PhysX] Initialized MultithreadedTaskDispatcher with 16 workers.
[PhysX] Initialized MultithreadedTaskDispatcher with 16 workers.
[PhysX] Initialized MultithreadedTaskDispatcher with 16 workers.
 -> (artifact id: '232b07115ee62e7a30b5320d1f20d349') in 0.043740 seconds
Number of updated asset objects reloaded before import = 0
Number of asset objects unloaded after import = 9
========================================================================
Received Import Request.
  Time since last request: 0.000033 seconds.
  path: Assets/Pandazole_Ultimate_Pack/Pandazole Kitchen Food/Models/Prop_Cup_03_Cover.fbx
  artifactKey: Guid(16c5d6a20d4f7bf4eb5dde7fd93df2ab) Importer(815301076,1909f56bfc062723c751e8b465ee728b)
Start importing Assets/Pandazole_Ultimate_Pack/Pandazole Kitchen Food/Models/Prop_Cup_03_Cover.fbx using Guid(16c5d6a20d4f7bf4eb5dde7fd93df2ab) Importer(815301076,1909f56bfc062723c751e8b465ee728b) [PhysX] Initialized MultithreadedTaskDispatcher with 16 workers.
[PhysX] Initialized MultithreadedTaskDispatcher with 16 workers.
[PhysX] Initialized MultithreadedTaskDispatcher with 16 workers.
 -> (artifact id: '83fbcf8f82c867d504381da99106a32a') in 0.032762 seconds
Number of updated asset objects reloaded before import = 0
Number of asset objects unloaded after import = 9
========================================================================
Received Import Request.
  Time since last request: 2.027369 seconds.
  path: Assets/Pandazole_Ultimate_Pack/Pandazole Kitchen Food/Models/Prop_Fridge_02.fbx
  artifactKey: Guid(c94fbd872a9041a418567e4beddb81fd) Importer(815301076,1909f56bfc062723c751e8b465ee728b)
Start importing Assets/Pandazole_Ultimate_Pack/Pandazole Kitchen Food/Models/Prop_Fridge_02.fbx using Guid(c94fbd872a9041a418567e4beddb81fd) Importer(815301076,1909f56bfc062723c751e8b465ee728b) [PhysX] Initialized MultithreadedTaskDispatcher with 16 workers.
[PhysX] Initialized MultithreadedTaskDispatcher with 16 workers.
[PhysX] Initialized MultithreadedTaskDispatcher with 16 workers.
[PhysX] Initialized MultithreadedTaskDispatcher with 16 workers.
[PhysX] Initialized MultithreadedTaskDispatcher with 16 workers.
[PhysX] Initialized MultithreadedTaskDispatcher with 16 workers.
[PhysX] Initialized MultithreadedTaskDispatcher with 16 workers.
[PhysX] Initialized MultithreadedTaskDispatcher with 16 workers.
[PhysX] Initialized MultithreadedTaskDispatcher with 16 workers.
[PhysX] Initialized MultithreadedTaskDispatcher with 16 workers.
[PhysX] Initialized MultithreadedTaskDispatcher with 16 workers.
 -> (artifact id: '300a5c3da4938920cfd849032f9cf413') in 0.142365 seconds
Number of updated asset objects reloaded before import = 0
Number of asset objects unloaded after import = 29
========================================================================
Received Import Request.
  Time since last request: 0.000042 seconds.
  path: Assets/Pandazole_Ultimate_Pack/Pandazole Kitchen Food/Models/Prop_KitchenCabinet_03.fbx
  artifactKey: Guid(7edab558d9e57a148b997b2032bc102e) Importer(815301076,1909f56bfc062723c751e8b465ee728b)
Start importing Assets/Pandazole_Ultimate_Pack/Pandazole Kitchen Food/Models/Prop_KitchenCabinet_03.fbx using Guid(7edab558d9e57a148b997b2032bc102e) Importer(815301076,1909f56bfc062723c751e8b465ee728b) [PhysX] Initialized MultithreadedTaskDispatcher with 16 workers.
[PhysX] Initialized MultithreadedTaskDispatcher with 16 workers.
[PhysX] Initialized MultithreadedTaskDispatcher with 16 workers.
 -> (artifact id: '4349f6878143bc1ca519c4910b2515a6') in 0.034528 seconds
Number of updated asset objects reloaded before import = 0
Number of asset objects unloaded after import = 9
========================================================================
Received Import Request.
  Time since last request: 4.298084 seconds.
  path: Assets/Pandazole_Ultimate_Pack/Pandazole Kitchen Food/Models/Prop_KitchenTable_03.fbx
  artifactKey: Guid(55b1c57c4bf6b334490164cdfab61077) Importer(815301076,1909f56bfc062723c751e8b465ee728b)
Start importing Assets/Pandazole_Ultimate_Pack/Pandazole Kitchen Food/Models/Prop_KitchenTable_03.fbx using Guid(55b1c57c4bf6b334490164cdfab61077) Importer(815301076,1909f56bfc062723c751e8b465ee728b) [PhysX] Initialized MultithreadedTaskDispatcher with 16 workers.
[PhysX] Initialized MultithreadedTaskDispatcher with 16 workers.
[PhysX] Initialized MultithreadedTaskDispatcher with 16 workers.
[PhysX] Initialized MultithreadedTaskDispatcher with 16 workers.
[PhysX] Initialized MultithreadedTaskDispatcher with 16 workers.
 -> (artifact id: 'cbdf5e06b3bb50b0647d71750379a78d') in 0.055721 seconds
Number of updated asset objects reloaded before import = 0
Number of asset objects unloaded after import = 14
========================================================================
Received Import Request.
  Time since last request: 0.000022 seconds.
  path: Assets/Pandazole_Ultimate_Pack/Pandazole Kitchen Food/Models/Prop_KitchenTable_07.fbx
  artifactKey: Guid(3a60c0033c748ac4e9a8ecf73cdb97ea) Importer(815301076,1909f56bfc062723c751e8b465ee728b)
Start importing Assets/Pandazole_Ultimate_Pack/Pandazole Kitchen Food/Models/Prop_KitchenTable_07.fbx using Guid(3a60c0033c748ac4e9a8ecf73cdb97ea) Importer(815301076,1909f56bfc062723c751e8b465ee728b) [PhysX] Initialized MultithreadedTaskDispatcher with 16 workers.
[PhysX] Initialized MultithreadedTaskDispatcher with 16 workers.
[PhysX] Initialized MultithreadedTaskDispatcher with 16 workers.
 -> (artifact id: 'd404a2bae2505e1ffafe68e6749c5b4c') in 0.033384 seconds
Number of updated asset objects reloaded before import = 0
Number of asset objects unloaded after import = 9
========================================================================
Received Import Request.
  Time since last request: 0.000040 seconds.
  path: Assets/Pandazole_Ultimate_Pack/Pandazole Kitchen Food/Models/Prop_Knife_04.fbx
  artifactKey: Guid(4d2e5b1ff7779444fb877670a13dc75e) Importer(815301076,1909f56bfc062723c751e8b465ee728b)
Start importing Assets/Pandazole_Ultimate_Pack/Pandazole Kitchen Food/Models/Prop_Knife_04.fbx using Guid(4d2e5b1ff7779444fb877670a13dc75e) Importer(815301076,1909f56bfc062723c751e8b465ee728b) [PhysX] Initialized MultithreadedTaskDispatcher with 16 workers.
[PhysX] Initialized MultithreadedTaskDispatcher with 16 workers.
[PhysX] Initialized MultithreadedTaskDispatcher with 16 workers.
 -> (artifact id: '2950d13a35c2c9451ceecbc026284156') in 0.036064 seconds
Number of updated asset objects reloaded before import = 0
Number of asset objects unloaded after import = 9
========================================================================
Received Import Request.
  Time since last request: 12.128635 seconds.
  path: Assets/Pandazole_Ultimate_Pack/Pandazole Kitchen Food/Models/Prop_Knife_06.fbx
  artifactKey: Guid(21eec28d36244b94c8c1eea767acc69a) Importer(815301076,1909f56bfc062723c751e8b465ee728b)
Start importing Assets/Pandazole_Ultimate_Pack/Pandazole Kitchen Food/Models/Prop_Knife_06.fbx using Guid(21eec28d36244b94c8c1eea767acc69a) Importer(815301076,1909f56bfc062723c751e8b465ee728b) [PhysX] Initialized MultithreadedTaskDispatcher with 16 workers.
[PhysX] Initialized MultithreadedTaskDispatcher with 16 workers.
[PhysX] Initialized MultithreadedTaskDispatcher with 16 workers.
 -> (artifact id: 'b9c76d9d63948af36cdcf331240a965b') in 0.044217 seconds
Number of updated asset objects reloaded before import = 0
Number of asset objects unloaded after import = 9
========================================================================
Received Import Request.
  Time since last request: 0.000027 seconds.
  path: Assets/Pandazole_Ultimate_Pack/Pandazole Kitchen Food/Models/Prop_MeasuringSpoon_02.fbx
  artifactKey: Guid(927f0bf5efa74514b8609261ce665b18) Importer(815301076,1909f56bfc062723c751e8b465ee728b)
Start importing Assets/Pandazole_Ultimate_Pack/Pandazole Kitchen Food/Models/Prop_MeasuringSpoon_02.fbx using Guid(927f0bf5efa74514b8609261ce665b18) Importer(815301076,1909f56bfc062723c751e8b465ee728b) [PhysX] Initialized MultithreadedTaskDispatcher with 16 workers.
[PhysX] Initialized MultithreadedTaskDispatcher with 16 workers.
[PhysX] Initialized MultithreadedTaskDispatcher with 16 workers.
 -> (artifact id: 'b2ca680dd9c837023a2ad50ffb1b08db') in 0.043772 seconds
Number of updated asset objects reloaded before import = 0
Number of asset objects unloaded after import = 9
========================================================================
Received Import Request.
  Time since last request: 0.000106 seconds.
  path: Assets/Pandazole_Ultimate_Pack/Pandazole Kitchen Food/Models/Prop_MeasuringSpoon_04.fbx
  artifactKey: Guid(8312d6bc225e8a44ba2fb162e49ceec0) Importer(815301076,1909f56bfc062723c751e8b465ee728b)
Start importing Assets/Pandazole_Ultimate_Pack/Pandazole Kitchen Food/Models/Prop_MeasuringSpoon_04.fbx using Guid(8312d6bc225e8a44ba2fb162e49ceec0) Importer(815301076,1909f56bfc062723c751e8b465ee728b) [PhysX] Initialized MultithreadedTaskDispatcher with 16 workers.
[PhysX] Initialized MultithreadedTaskDispatcher with 16 workers.
[PhysX] Initialized MultithreadedTaskDispatcher with 16 workers.
 -> (artifact id: '3d305ab3b368cf864be82f5b35c1a931') in 0.041320 seconds
Number of updated asset objects reloaded before import = 0
Number of asset objects unloaded after import = 9
========================================================================
Received Import Request.
  Time since last request: 0.673183 seconds.
  path: Assets/Pandazole_Ultimate_Pack/Pandazole Kitchen Food/Models/Prop_Pan_02.fbx
  artifactKey: Guid(23304ce4161d8bd45af1c4395c748055) Importer(815301076,1909f56bfc062723c751e8b465ee728b)
Start importing Assets/Pandazole_Ultimate_Pack/Pandazole Kitchen Food/Models/Prop_Pan_02.fbx using Guid(23304ce4161d8bd45af1c4395c748055) Importer(815301076,1909f56bfc062723c751e8b465ee728b) [PhysX] Initialized MultithreadedTaskDispatcher with 16 workers.
[PhysX] Initialized MultithreadedTaskDispatcher with 16 workers.
[PhysX] Initialized MultithreadedTaskDispatcher with 16 workers.
 -> (artifact id: 'b55012b4bc0313bbce0e2225e487e6eb') in 0.033925 seconds
Number of updated asset objects reloaded before import = 0
Number of asset objects unloaded after import = 9
========================================================================
Received Import Request.
  Time since last request: 0.000032 seconds.
  path: Assets/Pandazole_Ultimate_Pack/Pandazole Kitchen Food/Models/Prop_Pot_03.fbx
  artifactKey: Guid(4858eab3b903d814dbe27febbf9f12a7) Importer(815301076,1909f56bfc062723c751e8b465ee728b)
Start importing Assets/Pandazole_Ultimate_Pack/Pandazole Kitchen Food/Models/Prop_Pot_03.fbx using Guid(4858eab3b903d814dbe27febbf9f12a7) Importer(815301076,1909f56bfc062723c751e8b465ee728b) [PhysX] Initialized MultithreadedTaskDispatcher with 16 workers.
[PhysX] Initialized MultithreadedTaskDispatcher with 16 workers.
[PhysX] Initialized MultithreadedTaskDispatcher with 16 workers.
[PhysX] Initialized MultithreadedTaskDispatcher with 16 workers.
[PhysX] Initialized MultithreadedTaskDispatcher with 16 workers.
 -> (artifact id: '51d8fb49e19a774b1de5dcd8f1e8bc93') in 0.052882 seconds
Number of updated asset objects reloaded before import = 0
Number of asset objects unloaded after import = 14
========================================================================
Received Import Request.
  Time since last request: 0.000040 seconds.
  path: Assets/Pandazole_Ultimate_Pack/Pandazole Kitchen Food/Models/Prop_Plate_01.fbx
  artifactKey: Guid(7cc13f9ac2e060c4a961313f389e8329) Importer(815301076,1909f56bfc062723c751e8b465ee728b)
Start importing Assets/Pandazole_Ultimate_Pack/Pandazole Kitchen Food/Models/Prop_Plate_01.fbx using Guid(7cc13f9ac2e060c4a961313f389e8329) Importer(815301076,1909f56bfc062723c751e8b465ee728b) [PhysX] Initialized MultithreadedTaskDispatcher with 16 workers.
[PhysX] Initialized MultithreadedTaskDispatcher with 16 workers.
[PhysX] Initialized MultithreadedTaskDispatcher with 16 workers.
 -> (artifact id: 'ec22f0a0905067d59c19b464d80df0f4') in 0.039309 seconds
Number of updated asset objects reloaded before import = 0
Number of asset objects unloaded after import = 9
========================================================================
Received Import Request.
  Time since last request: 0.000026 seconds.
  path: Assets/Pandazole_Ultimate_Pack/Pandazole Kitchen Food/Models/Prop_Spatula_06.fbx
  artifactKey: Guid(533af2f77ea1f3e47a0dfc0c4eb0be6f) Importer(815301076,1909f56bfc062723c751e8b465ee728b)
Start importing Assets/Pandazole_Ultimate_Pack/Pandazole Kitchen Food/Models/Prop_Spatula_06.fbx using Guid(533af2f77ea1f3e47a0dfc0c4eb0be6f) Importer(815301076,1909f56bfc062723c751e8b465ee728b) [PhysX] Initialized MultithreadedTaskDispatcher with 16 workers.
[PhysX] Initialized MultithreadedTaskDispatcher with 16 workers.
[PhysX] Initialized MultithreadedTaskDispatcher with 16 workers.
 -> (artifact id: 'da09ddb7e0a8fd535157b17c79bcc255') in 0.028557 seconds
Number of updated asset objects reloaded before import = 0
Number of asset objects unloaded after import = 9
========================================================================
Received Import Request.
  Time since last request: 0.000050 seconds.
  path: Assets/Pandazole_Ultimate_Pack/Pandazole Kitchen Food/Models/Prop_Spatula_01.fbx
  artifactKey: Guid(140411fe5a74a324ea07791d091941b3) Importer(815301076,1909f56bfc062723c751e8b465ee728b)
Start importing Assets/Pandazole_Ultimate_Pack/Pandazole Kitchen Food/Models/Prop_Spatula_01.fbx using Guid(140411fe5a74a324ea07791d091941b3) Importer(815301076,1909f56bfc062723c751e8b465ee728b) [PhysX] Initialized MultithreadedTaskDispatcher with 16 workers.
[PhysX] Initialized MultithreadedTaskDispatcher with 16 workers.
[PhysX] Initialized MultithreadedTaskDispatcher with 16 workers.
 -> (artifact id: 'f6674ea17df5373347787bd80d91593f') in 0.037511 seconds
Number of updated asset objects reloaded before import = 0
Number of asset objects unloaded after import = 9
========================================================================
Received Import Request.
  Time since last request: 0.000054 seconds.
  path: Assets/Pandazole_Ultimate_Pack/Pandazole Kitchen Food/Models/Prop_Sink_02.fbx
  artifactKey: Guid(29acea594d678df4d859dfee45aa647d) Importer(815301076,1909f56bfc062723c751e8b465ee728b)
Start importing Assets/Pandazole_Ultimate_Pack/Pandazole Kitchen Food/Models/Prop_Sink_02.fbx using Guid(29acea594d678df4d859dfee45aa647d) Importer(815301076,1909f56bfc062723c751e8b465ee728b) [PhysX] Initialized MultithreadedTaskDispatcher with 16 workers.
[PhysX] Initialized MultithreadedTaskDispatcher with 16 workers.
[PhysX] Initialized MultithreadedTaskDispatcher with 16 workers.
 -> (artifact id: '2a5fd597bced904f97c09711b24d76b0') in 0.033550 seconds
Number of updated asset objects reloaded before import = 0
Number of asset objects unloaded after import = 9
========================================================================
Received Import Request.
  Time since last request: 1.052490 seconds.
  path: Assets/Pandazole_Ultimate_Pack/Pandazole Kitchen Food/Models/Prop_Spatula_08.fbx
  artifactKey: Guid(74af1763deb2929459f8c4e514990995) Importer(815301076,1909f56bfc062723c751e8b465ee728b)
Start importing Assets/Pandazole_Ultimate_Pack/Pandazole Kitchen Food/Models/Prop_Spatula_08.fbx using Guid(74af1763deb2929459f8c4e514990995) Importer(815301076,1909f56bfc062723c751e8b465ee728b) [PhysX] Initialized MultithreadedTaskDispatcher with 16 workers.
[PhysX] Initialized MultithreadedTaskDispatcher with 16 workers.
[PhysX] Initialized MultithreadedTaskDispatcher with 16 workers.
 -> (artifact id: '7afc35fb4c61f41f40c04d2cbf6a113f') in 0.039879 seconds
Number of updated asset objects reloaded before import = 0
Number of asset objects unloaded after import = 9
========================================================================
Received Import Request.
  Time since last request: 0.000040 seconds.
  path: Assets/Pandazole_Ultimate_Pack/Pandazole Kitchen Food/Models/Prop_WhipMixer.fbx
  artifactKey: Guid(5f08b7e2d7e779b489d62a277820e3ff) Importer(815301076,1909f56bfc062723c751e8b465ee728b)
Start importing Assets/Pandazole_Ultimate_Pack/Pandazole Kitchen Food/Models/Prop_WhipMixer.fbx using Guid(5f08b7e2d7e779b489d62a277820e3ff) Importer(815301076,1909f56bfc062723c751e8b465ee728b) [PhysX] Initialized MultithreadedTaskDispatcher with 16 workers.
[PhysX] Initialized MultithreadedTaskDispatcher with 16 workers.
[PhysX] Initialized MultithreadedTaskDispatcher with 16 workers.
 -> (artifact id: '106c339b6c9140e3febecac142e56cc0') in 0.054353 seconds
Number of updated asset objects reloaded before import = 0
Number of asset objects unloaded after import = 9
========================================================================
Received Import Request.
  Time since last request: 435.212883 seconds.
  path: Assets/Scenes/bin_glass.prefab
  artifactKey: Guid(9971b32505d79c24d85070807e5409b6) Importer(815301076,1909f56bfc062723c751e8b465ee728b)
Start importing Assets/Scenes/bin_glass.prefab using Guid(9971b32505d79c24d85070807e5409b6) Importer(815301076,1909f56bfc062723c751e8b465ee728b) [PhysX] Initialized MultithreadedTaskDispatcher with 16 workers.
[PhysX] Initialized MultithreadedTaskDispatcher with 16 workers.
 -> (artifact id: 'f0e445085180e6e230c3c0215336fdde') in 0.036362 seconds
Number of updated asset objects reloaded before import = 0
Number of asset objects unloaded after import = 33
========================================================================
Received Import Request.
  Time since last request: 0.000035 seconds.
  path: Assets/Scenes/bin_organic.prefab
  artifactKey: Guid(f940b2806da12b349886458eec62d68e) Importer(815301076,1909f56bfc062723c751e8b465ee728b)
Start importing Assets/Scenes/bin_organic.prefab using Guid(f940b2806da12b349886458eec62d68e) Importer(815301076,1909f56bfc062723c751e8b465ee728b) [PhysX] Initialized MultithreadedTaskDispatcher with 16 workers.
[PhysX] Initialized MultithreadedTaskDispatcher with 16 workers.
 -> (artifact id: 'aebd6f2cfcd4966b127837cd3eb9fd37') in 0.027940 seconds
Number of updated asset objects reloaded before import = 0
Number of asset objects unloaded after import = 33
========================================================================
Received Import Request.
  Time since last request: 0.000035 seconds.
  path: Assets/Scenes/bin_plastic.prefab
  artifactKey: Guid(b4fd08ee9621a4041b9eee9c6c40b73f) Importer(815301076,1909f56bfc062723c751e8b465ee728b)
Start importing Assets/Scenes/bin_plastic.prefab using Guid(b4fd08ee9621a4041b9eee9c6c40b73f) Importer(815301076,1909f56bfc062723c751e8b465ee728b) [PhysX] Initialized MultithreadedTaskDispatcher with 16 workers.
[PhysX] Initialized MultithreadedTaskDispatcher with 16 workers.
 -> (artifact id: '06afada05f15c3685b9883680f9bcfd6') in 0.033548 seconds
Number of updated asset objects reloaded before import = 0
Number of asset objects unloaded after import = 33
========================================================================
Received Import Request.
  Time since last request: 115.902097 seconds.
  path: Assets/Pandazole_Ultimate_Pack/Pandazole Kitchen Food/Prefabs/Food_Apple_Chopped.prefab
  artifactKey: Guid(57fac217fefc9904db3288cbff2fe3f1) Importer(815301076,1909f56bfc062723c751e8b465ee728b)
Start importing Assets/Pandazole_Ultimate_Pack/Pandazole Kitchen Food/Prefabs/Food_Apple_Chopped.prefab using Guid(57fac217fefc9904db3288cbff2fe3f1) Importer(815301076,1909f56bfc062723c751e8b465ee728b) [PhysX] Initialized MultithreadedTaskDispatcher with 16 workers.
[PhysX] Initialized MultithreadedTaskDispatcher with 16 workers.
 -> (artifact id: 'dd04752f5f8b62c0d3954382ff29681e') in 0.024133 seconds
Number of updated asset objects reloaded before import = 0
Number of asset objects unloaded after import = 10
========================================================================
Received Import Request.
  Time since last request: 0.000039 seconds.
  path: Assets/Pandazole_Ultimate_Pack/Pandazole Kitchen Food/Prefabs/Food_Black Coffee Cup.prefab
  artifactKey: Guid(c281362843f585e48832395b63ac1d54) Importer(815301076,1909f56bfc062723c751e8b465ee728b)
Start importing Assets/Pandazole_Ultimate_Pack/Pandazole Kitchen Food/Prefabs/Food_Black Coffee Cup.prefab using Guid(c281362843f585e48832395b63ac1d54) Importer(815301076,1909f56bfc062723c751e8b465ee728b) [PhysX] Initialized MultithreadedTaskDispatcher with 16 workers.
[PhysX] Initialized MultithreadedTaskDispatcher with 16 workers.
 -> (artifact id: 'b901d637d6f1a81911f131ce41d65009') in 0.032713 seconds
Number of updated asset objects reloaded before import = 0
Number of asset objects unloaded after import = 10
========================================================================
Received Import Request.
  Time since last request: 0.000051 seconds.
  path: Assets/Pandazole_Ultimate_Pack/Pandazole Kitchen Food/Prefabs/Food_Bread.prefab
  artifactKey: Guid(90dd31c36f3997d46bb4fbbc7884b624) Importer(815301076,1909f56bfc062723c751e8b465ee728b)
Start importing Assets/Pandazole_Ultimate_Pack/Pandazole Kitchen Food/Prefabs/Food_Bread.prefab using Guid(90dd31c36f3997d46bb4fbbc7884b624) Importer(815301076,1909f56bfc062723c751e8b465ee728b) [PhysX] Initialized MultithreadedTaskDispatcher with 16 workers.
[PhysX] Initialized MultithreadedTaskDispatcher with 16 workers.
 -> (artifact id: '94b29523635570ac0a05122725d852ed') in 0.025249 seconds
Number of updated asset objects reloaded before import = 0
Number of asset objects unloaded after import = 10
========================================================================
Received Import Request.
  Time since last request: 0.000043 seconds.
  path: Assets/Pandazole_Ultimate_Pack/Pandazole Kitchen Food/Prefabs/Food_Carrot Soup.prefab
  artifactKey: Guid(690c5010dd6210343aff3cdb98f8ffce) Importer(815301076,1909f56bfc062723c751e8b465ee728b)
Start importing Assets/Pandazole_Ultimate_Pack/Pandazole Kitchen Food/Prefabs/Food_Carrot Soup.prefab using Guid(690c5010dd6210343aff3cdb98f8ffce) Importer(815301076,1909f56bfc062723c751e8b465ee728b) [PhysX] Initialized MultithreadedTaskDispatcher with 16 workers.
[PhysX] Initialized MultithreadedTaskDispatcher with 16 workers.
 -> (artifact id: 'a57537e70b5a3c30501b14f57fd16a4a') in 0.028858 seconds
Number of updated asset objects reloaded before import = 0
Number of asset objects unloaded after import = 10
========================================================================
Received Import Request.
  Time since last request: 0.000032 seconds.
  path: Assets/Pandazole_Ultimate_Pack/Pandazole Kitchen Food/Prefabs/Food_Chicken Breast.prefab
  artifactKey: Guid(6c7cc25dd8fd22d4cbdce0160cee8b66) Importer(815301076,1909f56bfc062723c751e8b465ee728b)
Start importing Assets/Pandazole_Ultimate_Pack/Pandazole Kitchen Food/Prefabs/Food_Chicken Breast.prefab using Guid(6c7cc25dd8fd22d4cbdce0160cee8b66) Importer(815301076,1909f56bfc062723c751e8b465ee728b) [PhysX] Initialized MultithreadedTaskDispatcher with 16 workers.
[PhysX] Initialized MultithreadedTaskDispatcher with 16 workers.
 -> (artifact id: '9472f614ef90cdf00749232ca20c325b') in 0.029937 seconds
Number of updated asset objects reloaded before import = 0
Number of asset objects unloaded after import = 10
========================================================================
Received Import Request.
  Time since last request: 30.062240 seconds.
  path: Assets/Pandazole_Ultimate_Pack/Pandazole Kitchen Food/Prefabs/Food_Chicken Sub.prefab
  artifactKey: Guid(82d030224f9b8f94ebb6bb223dc99091) Importer(815301076,1909f56bfc062723c751e8b465ee728b)
Start importing Assets/Pandazole_Ultimate_Pack/Pandazole Kitchen Food/Prefabs/Food_Chicken Sub.prefab using Guid(82d030224f9b8f94ebb6bb223dc99091) Importer(815301076,1909f56bfc062723c751e8b465ee728b) [PhysX] Initialized MultithreadedTaskDispatcher with 16 workers.
[PhysX] Initialized MultithreadedTaskDispatcher with 16 workers.
 -> (artifact id: 'ec181a8d0165d8005c01f560cfa0a12e') in 0.028767 seconds
Number of updated asset objects reloaded before import = 0
Number of asset objects unloaded after import = 10
========================================================================
Received Import Request.
  Time since last request: 1.235031 seconds.
  path: Assets/Pandazole_Ultimate_Pack/Pandazole Kitchen Food/Prefabs/Food_Cooked Steak.prefab
  artifactKey: Guid(a1bb48d934bc96546857f05ec064b984) Importer(815301076,1909f56bfc062723c751e8b465ee728b)
Start importing Assets/Pandazole_Ultimate_Pack/Pandazole Kitchen Food/Prefabs/Food_Cooked Steak.prefab using Guid(a1bb48d934bc96546857f05ec064b984) Importer(815301076,1909f56bfc062723c751e8b465ee728b) [PhysX] Initialized MultithreadedTaskDispatcher with 16 workers.
[PhysX] Initialized MultithreadedTaskDispatcher with 16 workers.
 -> (artifact id: '87200c1951d266eddda8ec9df2d01efc') in 0.025875 seconds
Number of updated asset objects reloaded before import = 0
Number of asset objects unloaded after import = 10
========================================================================
Received Import Request.
  Time since last request: 0.890288 seconds.
  path: Assets/Pandazole_Ultimate_Pack/Pandazole Kitchen Food/Prefabs/Food_Egg.prefab
  artifactKey: Guid(26dd2342357dc454bb29148a4339dd1d) Importer(815301076,1909f56bfc062723c751e8b465ee728b)
Start importing Assets/Pandazole_Ultimate_Pack/Pandazole Kitchen Food/Prefabs/Food_Egg.prefab using Guid(26dd2342357dc454bb29148a4339dd1d) Importer(815301076,1909f56bfc062723c751e8b465ee728b) [PhysX] Initialized MultithreadedTaskDispatcher with 16 workers.
[PhysX] Initialized MultithreadedTaskDispatcher with 16 workers.
 -> (artifact id: 'f42d0b88335d49beba1123b04b4f5e59') in 0.023936 seconds
Number of updated asset objects reloaded before import = 0
Number of asset objects unloaded after import = 10
========================================================================
Received Import Request.
  Time since last request: 99.586146 seconds.
  path: Assets/Pandazole_Ultimate_Pack/Pandazole Kitchen Food/Prefabs/Food_French Fries.prefab
  artifactKey: Guid(c6420b9261592eb4b871b6acac4d90c8) Importer(815301076,1909f56bfc062723c751e8b465ee728b)
Start importing Assets/Pandazole_Ultimate_Pack/Pandazole Kitchen Food/Prefabs/Food_French Fries.prefab using Guid(c6420b9261592eb4b871b6acac4d90c8) Importer(815301076,1909f56bfc062723c751e8b465ee728b) [PhysX] Initialized MultithreadedTaskDispatcher with 16 workers.
[PhysX] Initialized MultithreadedTaskDispatcher with 16 workers.
 -> (artifact id: 'c5213f959773926e041106fac76e305a') in 0.023317 seconds
Number of updated asset objects reloaded before import = 0
Number of asset objects unloaded after import = 10
========================================================================
Received Import Request.
  Time since last request: 0.001047 seconds.
  path: Assets/Pandazole_Ultimate_Pack/Pandazole Kitchen Food/Prefabs/Food_HotDog Sandwich.001.prefab
  artifactKey: Guid(6c61c96db5547f040af6dd99cbdbc93b) Importer(815301076,1909f56bfc062723c751e8b465ee728b)
Start importing Assets/Pandazole_Ultimate_Pack/Pandazole Kitchen Food/Prefabs/Food_HotDog Sandwich.001.prefab using Guid(6c61c96db5547f040af6dd99cbdbc93b) Importer(815301076,1909f56bfc062723c751e8b465ee728b) [PhysX] Initialized MultithreadedTaskDispatcher with 16 workers.
[PhysX] Initialized MultithreadedTaskDispatcher with 16 workers.
 -> (artifact id: 'a3ce0aa90e798e09db7665d2f6095e96') in 0.027990 seconds
Number of updated asset objects reloaded before import = 0
Number of asset objects unloaded after import = 10
========================================================================
Received Import Request.
  Time since last request: 0.000040 seconds.
  path: Assets/Pandazole_Ultimate_Pack/Pandazole Kitchen Food/Prefabs/Food_Milk Bottle.prefab
  artifactKey: Guid(e27740dc0f71e6242933939d6050fd41) Importer(815301076,1909f56bfc062723c751e8b465ee728b)
Start importing Assets/Pandazole_Ultimate_Pack/Pandazole Kitchen Food/Prefabs/Food_Milk Bottle.prefab using Guid(e27740dc0f71e6242933939d6050fd41) Importer(815301076,1909f56bfc062723c751e8b465ee728b) [PhysX] Initialized MultithreadedTaskDispatcher with 16 workers.
[PhysX] Initialized MultithreadedTaskDispatcher with 16 workers.
 -> (artifact id: '26d5b3166d3f16a5a2ba4dbd7ade0d3d') in 0.037645 seconds
Number of updated asset objects reloaded before import = 0
Number of asset objects unloaded after import = 10
========================================================================
Received Import Request.
  Time since last request: 0.000076 seconds.
  path: Assets/Pandazole_Ultimate_Pack/Pandazole Kitchen Food/Prefabs/Food_Parsnip.prefab
  artifactKey: Guid(8d1a0fa409327b6408dd75559d1fa1e5) Importer(815301076,1909f56bfc062723c751e8b465ee728b)
Start importing Assets/Pandazole_Ultimate_Pack/Pandazole Kitchen Food/Prefabs/Food_Parsnip.prefab using Guid(8d1a0fa409327b6408dd75559d1fa1e5) Importer(815301076,1909f56bfc062723c751e8b465ee728b) [PhysX] Initialized MultithreadedTaskDispatcher with 16 workers.
[PhysX] Initialized MultithreadedTaskDispatcher with 16 workers.
 -> (artifact id: '06b1d20096e4e9f478aad7187816e58d') in 0.023071 seconds
Number of updated asset objects reloaded before import = 0
Number of asset objects unloaded after import = 10
========================================================================
Received Import Request.
  Time since last request: 0.000028 seconds.
  path: Assets/Pandazole_Ultimate_Pack/Pandazole Kitchen Food/Prefabs/Food_Pea Soup.prefab
  artifactKey: Guid(9e62411e27f2b1747a86838e3a89f720) Importer(815301076,1909f56bfc062723c751e8b465ee728b)
Start importing Assets/Pandazole_Ultimate_Pack/Pandazole Kitchen Food/Prefabs/Food_Pea Soup.prefab using Guid(9e62411e27f2b1747a86838e3a89f720) Importer(815301076,1909f56bfc062723c751e8b465ee728b) [PhysX] Initialized MultithreadedTaskDispatcher with 16 workers.
[PhysX] Initialized MultithreadedTaskDispatcher with 16 workers.
 -> (artifact id: 'd1c6d260c1f9107f2466ff557d433afd') in 0.028122 seconds
Number of updated asset objects reloaded before import = 0
Number of asset objects unloaded after import = 10
========================================================================
Received Import Request.
  Time since last request: 0.000026 seconds.
  path: Assets/Pandazole_Ultimate_Pack/Pandazole Kitchen Food/Prefabs/Food_Meatballs.prefab
  artifactKey: Guid(ef6e218e81c3a5d4886ddf575ca1b943) Importer(815301076,1909f56bfc062723c751e8b465ee728b)
Start importing Assets/Pandazole_Ultimate_Pack/Pandazole Kitchen Food/Prefabs/Food_Meatballs.prefab using Guid(ef6e218e81c3a5d4886ddf575ca1b943) Importer(815301076,1909f56bfc062723c751e8b465ee728b) [PhysX] Initialized MultithreadedTaskDispatcher with 16 workers.
[PhysX] Initialized MultithreadedTaskDispatcher with 16 workers.
 -> (artifact id: 'c00de52a9cf58562efc135a4d562e4b6') in 0.026536 seconds
Number of updated asset objects reloaded before import = 0
Number of asset objects unloaded after import = 10
========================================================================
Received Import Request.
  Time since last request: 0.000050 seconds.
  path: Assets/Pandazole_Ultimate_Pack/Pandazole Kitchen Food/Prefabs/Food_Meet.prefab
  artifactKey: Guid(78aa69274795dd6458edadb8e3efe5c3) Importer(815301076,1909f56bfc062723c751e8b465ee728b)
Start importing Assets/Pandazole_Ultimate_Pack/Pandazole Kitchen Food/Prefabs/Food_Meet.prefab using Guid(78aa69274795dd6458edadb8e3efe5c3) Importer(815301076,1909f56bfc062723c751e8b465ee728b) [PhysX] Initialized MultithreadedTaskDispatcher with 16 workers.
[PhysX] Initialized MultithreadedTaskDispatcher with 16 workers.
 -> (artifact id: 'd46504b6bda39ebd9725338409119bcd') in 0.029627 seconds
Number of updated asset objects reloaded before import = 0
Number of asset objects unloaded after import = 10
========================================================================
Received Import Request.
  Time since last request: 0.000022 seconds.
  path: Assets/Pandazole_Ultimate_Pack/Pandazole Kitchen Food/Prefabs/Food_Meatballs Sub.prefab
  artifactKey: Guid(897859a771092914295df61ba808f53d) Importer(815301076,1909f56bfc062723c751e8b465ee728b)
Start importing Assets/Pandazole_Ultimate_Pack/Pandazole Kitchen Food/Prefabs/Food_Meatballs Sub.prefab using Guid(897859a771092914295df61ba808f53d) Importer(815301076,1909f56bfc062723c751e8b465ee728b) [PhysX] Initialized MultithreadedTaskDispatcher with 16 workers.
[PhysX] Initialized MultithreadedTaskDispatcher with 16 workers.
 -> (artifact id: '5c4eff0119da9eedf49b5be0e3c06f38') in 0.025295 seconds
Number of updated asset objects reloaded before import = 0
Number of asset objects unloaded after import = 10
========================================================================
Received Import Request.
  Time since last request: 0.000031 seconds.
  path: Assets/Pandazole_Ultimate_Pack/Pandazole Kitchen Food/Prefabs/Food_Oil.prefab
  artifactKey: Guid(4caa6851baabe4f40bde9724dafa3b8e) Importer(815301076,1909f56bfc062723c751e8b465ee728b)
Start importing Assets/Pandazole_Ultimate_Pack/Pandazole Kitchen Food/Prefabs/Food_Oil.prefab using Guid(4caa6851baabe4f40bde9724dafa3b8e) Importer(815301076,1909f56bfc062723c751e8b465ee728b) [PhysX] Initialized MultithreadedTaskDispatcher with 16 workers.
[PhysX] Initialized MultithreadedTaskDispatcher with 16 workers.
 -> (artifact id: 'e730df847f0787c3ff11c5caad433c29') in 0.026658 seconds
Number of updated asset objects reloaded before import = 0
Number of asset objects unloaded after import = 10
========================================================================
Received Import Request.
  Time since last request: 23.480327 seconds.
  path: Assets/Pandazole_Ultimate_Pack/Pandazole Kitchen Food/Prefabs/Food_Potato.prefab
  artifactKey: Guid(c68bd0879681d2241845579839f5c99d) Importer(815301076,1909f56bfc062723c751e8b465ee728b)
Start importing Assets/Pandazole_Ultimate_Pack/Pandazole Kitchen Food/Prefabs/Food_Potato.prefab using Guid(c68bd0879681d2241845579839f5c99d) Importer(815301076,1909f56bfc062723c751e8b465ee728b) [PhysX] Initialized MultithreadedTaskDispatcher with 16 workers.
[PhysX] Initialized MultithreadedTaskDispatcher with 16 workers.
 -> (artifact id: '7594f3fefe483681706dbf99372b105e') in 0.028707 seconds
Number of updated asset objects reloaded before import = 0
Number of asset objects unloaded after import = 10
========================================================================
Received Import Request.
  Time since last request: 0.000045 seconds.
  path: Assets/Pandazole_Ultimate_Pack/Pandazole Kitchen Food/Prefabs/Food_Rice.prefab
  artifactKey: Guid(30b514f0793b09641a844b6a4210870c) Importer(815301076,1909f56bfc062723c751e8b465ee728b)
Start importing Assets/Pandazole_Ultimate_Pack/Pandazole Kitchen Food/Prefabs/Food_Rice.prefab using Guid(30b514f0793b09641a844b6a4210870c) Importer(815301076,1909f56bfc062723c751e8b465ee728b) [PhysX] Initialized MultithreadedTaskDispatcher with 16 workers.
[PhysX] Initialized MultithreadedTaskDispatcher with 16 workers.
 -> (artifact id: '8924dcedde5715c39fec354123e2838f') in 0.028776 seconds
Number of updated asset objects reloaded before import = 0
Number of asset objects unloaded after import = 10
========================================================================
Received Import Request.
  Time since last request: 0.000029 seconds.
  path: Assets/Pandazole_Ultimate_Pack/Pandazole Kitchen Food/Prefabs/Food_Salad.prefab
  artifactKey: Guid(4ae2e15bd53dc614da112f9115fefbfe) Importer(815301076,1909f56bfc062723c751e8b465ee728b)
Start importing Assets/Pandazole_Ultimate_Pack/Pandazole Kitchen Food/Prefabs/Food_Salad.prefab using Guid(4ae2e15bd53dc614da112f9115fefbfe) Importer(815301076,1909f56bfc062723c751e8b465ee728b) [PhysX] Initialized MultithreadedTaskDispatcher with 16 workers.
[PhysX] Initialized MultithreadedTaskDispatcher with 16 workers.
 -> (artifact id: '3a7448cd76aa518972993620669b3d26') in 0.028140 seconds
Number of updated asset objects reloaded before import = 0
Number of asset objects unloaded after import = 10
Editor requested this worker to shutdown with reason: Scaling down because of idle timeout
TcpMessagingSession - receive error: operation aborted. errorcode: 995, details: Lopration dentre/sortie a t abandonne en raison de larrt dun thread ou  la demande dune application.
AssetImportWorker is now disconnected from the server
Process exiting
Exiting without the bug reporter. Application will terminate with return code 0